2024-12-15 00:08:03,760 - LegalAssistant - INFO - Starting query processing
2024-12-15 00:08:03,761 - LegalAssistant - INFO - CUDA Available: True
2024-12-15 00:08:03,763 - LegalAssistant - INFO - Current GPU: 0
2024-12-15 00:08:03,763 - LegalAssistant - INFO - GPU Name: NVIDIA RTX A6000
2024-12-15 00:08:03,763 - LegalAssistant - INFO - Number of GPUs: 8
2024-12-15 00:08:03,763 - LegalAssistant - INFO - GPU Memory Usage:
2024-12-15 00:08:03,763 - LegalAssistant - INFO - Allocated: 0.00MB
2024-12-15 00:08:03,763 - LegalAssistant - INFO - Cached: 0.00MB
2024-12-15 00:08:03,763 - LegalAssistant - INFO - Starting model loading process
2024-12-15 00:08:03,978 - LegalAssistant - INFO - Using device: cuda
2024-12-15 00:08:03,978 - LegalAssistant - DEBUG - Loading tokenizer
2024-12-15 00:08:04,727 - LegalAssistant - DEBUG - Loading model
2024-12-15 00:08:10,239 - LegalAssistant - INFO - Model loading completed
2024-12-15 00:08:10,240 - LegalAssistant - INFO - Reading queries from trainingData/processed_training_data.json
2024-12-15 00:08:10,243 - LegalAssistant - INFO - Found 3 text files to process
2024-12-15 00:08:10,243 - LegalAssistant - INFO - Processing query 1/1175 (ID: 0)
2024-12-15 00:08:10,243 - LegalAssistant - DEBUG - Processing file: law_part_1.txt
2024-12-15 00:08:10,243 - LegalAssistant - DEBUG - Created prompt with query: 帶手指虎打傷人，手指虎會被「沒收」還是「沒入」？ [SEP] 知道沒收是刑法，沒入是行政法。 單純持有違禁品（手指虎）會遭到沒收， 但用違禁品傷人，是會被「沒收」還是「沒入」呢？...
2024-12-15 00:08:10,243 - LegalAssistant - DEBUG - Document length: 7897 characters
2024-12-15 00:08:10,257 - LegalAssistant - DEBUG - Prompt length: 7353 tokens
2024-12-15 00:08:10,257 - LegalAssistant - DEBUG - Response buffer: 250 tokens
2024-12-15 00:08:10,257 - LegalAssistant - DEBUG - Total max length: 7603 tokens
2024-12-15 00:08:10,257 - LegalAssistant - DEBUG - Model max length: 22000 tokens
2024-12-15 00:08:10,257 - LegalAssistant - DEBUG - Final max length: 7603 tokens
2024-12-15 00:08:10,263 - LegalAssistant - DEBUG - Prompt tokens: 7353
2024-12-15 00:08:10,263 - LegalAssistant - DEBUG - Setting max_length to: 7603
2024-12-15 00:08:10,269 - LegalAssistant - INFO - Generating response...
2024-12-15 00:08:26,348 - LegalAssistant - DEBUG - Decoding response
2024-12-15 00:08:26,352 - LegalAssistant - DEBUG - Original response: 請分析以下問題與參考法律文件內，每條法律的關聯度並給予分數。

問題：帶手指虎打傷人，手指虎會被「沒收」還是「沒入」？ [SEP] 知道沒收是刑法，沒入是行政法。 單純持有違禁品（手指虎）會遭到沒收， 但用違禁品傷人，是會被「沒收」還是「沒入」呢？

參考法律文件：
法律名稱:民法 摘要:規定民事法律關係的基本原則 維護公民權利與義務 繼承 遺囑 特留分 總則 法律行為 條件及期限 債 各種之債 之一 人事保證 物權 占有 通則 債之效力 給付 居間 方式 質權 動產質權 運送 親屬 監護 未成年人之監護 物品運送 所有權 動產所有權 婚姻 夫妻財產制 約定財產制 第 一 目 共同財產制 法定財產制 地上權 普通地上權 不動產役權 人 法人 行紀 債之消滅 抵銷 無效及撤銷 父母子女 共有 抵押權 其他抵押權 買賣 留置權 保證 租賃 權利之行使 僱傭 遺產之繼承 效力 行為能力 法例 財團 保全 出版 社團 成年人之意定監護 執行 遲延 委任 和解 婚約 交互計算 債之發生 無因管理 代理權之授與 家 承攬 繼承之拋棄 合夥 代理 贈與 合會 典權 特種買賣 扶養 遺產之分割 物 離婚 不動產所有權 終身定期金 撤回 契約 倉庫 旅遊 債之移轉 無人承認之繼承 消滅時效 借貸 使用借貸 不當得利 成年人之監護及輔助 寄託 最高限額抵押權 旅客運送 互易 無記名證券 買回 指示證券 承攬運送 隱名合夥 債之標的 農育權 經理人及代辦商 刪除 區分地上權 意思表示 消費借貸 遺產繼承人 清償 多數債務人及債權人 混同 親屬會議 權利質權 婚姻之普通效力 侵權行為 自然人 期日及期間 免除 結婚 普通抵押權 提存
法律名稱:中華民國刑法 摘要:規定刑事法律責任與制裁措施 保障社會秩序 分則 妨害名譽及信用罪 瀆職罪 遺棄罪 侵占罪 外患罪 之一 妨害風化罪 藐視國會罪 內亂罪 脫逃罪 詐欺背信及重利罪 總則 未遂犯 妨害農工商罪 竊盜罪 偽造有價證券罪 搶奪強盜及海盜罪 妨害公務罪 藏匿人犯及湮滅證據罪 傷害罪 妨害秘密罪 鴉片罪 緩刑 累犯 妨害婚姻及家庭罪 贓物罪 妨害性自主罪 毀棄損壞罪 法例 殺人罪 沒收 之二 易刑 正犯與共犯 數罪併罰 墮胎罪 賭博罪 恐嚇及擄人勒贖罪 偽證及誣告罪 妨害性隱私及不實性影像罪 偽造度量衡罪 偽造文書印文罪 妨害秩序罪 刑事責任 妨害自由罪 妨害投票罪 刑 刑之酌科及加減 妨害電腦使用罪 妨害國交罪 偽造貨幣罪 公共危險罪 保安處分 假釋 褻瀆祀典及侵害墳墓屍體罪 時效
法律名稱:民事訴訟法 摘要:規定民事案件的訴訟程序 保障民事糾紛的公平解決 總則 訴訟標的價額之核定及訴訟費用 訴訟費用之負擔 上訴審程序 第二審程序 訴訟費用之擔保 訴訟程序 送達 督促程序 再審程序 之一 司法事務官之處理程序 當事人 訴訟參加 第一審程序 調解程序 第三審程序 通常訴訟程序 證據 第 一 目 通則 訴訟費用之計算及徵收 裁判 當事人能力及訴訟能力 訴訟救助 保全程序 訴訟卷宗 訴訟標的價額之核定 訴訟程序之停止 小額訴訟程序 訴訟代理人及輔佐人 期日及期間 抗告程序 法院 管轄 公示催告程序 簡易訴訟程序 言詞辯論 言詞辯論之準備 判決 法院職員之迴避 當事人書狀 起訴 共同訴訟 第三人撤銷訴訟程序 和解
法律名稱:行政訴訟法 摘要:規範行政案件的訴訟程序 保障行政救濟權利 總則 訴訟程序 訴訟卷宗 送達 行政法院 法官之迴避 重新審理 抗告程序 第一審程序 收容聲請事件程序 附則 通常訴訟程序 裁判 言詞辯論 訴訟費用 上訴審程序 最高行政法院上訴審程序 管轄 行政訴訟事件 訴訟程序之停止 保全程序 當事人 共同訴訟 交通裁決事件訴訟程序 選定當事人 都市計畫審查程序 期日及期間 證據 高等行政法院上訴審程序 調解 當事人書狀 訴訟參加 起訴 簡易訴訟程序 再審程序 強制執行 訴訟代理人及輔佐人 和解 停止執行 當事人能力及訴訟能力
法律名稱:刑事訴訟法 摘要:規範刑事案件的訴訟程序 保障司法公平與效率 之三 被害人訴訟參與 之一 協商程序 總則 被告之訊問 送達 再審 抗告 第一審 公訴 偵查 簡易程序 裁判 上訴 第二審 通則 證據 勘驗 人證 被告之傳喚及拘提 限制出境 出海 審判 自訴 法院職員之迴避 執行 之二 沒收特別程序 證據保全 文書 法院之管轄 鑑定及通譯 非常上訴 搜索及扣押 被告之羈押 辯護人 輔佐人及代理人 法例 第三審 起訴 特殊強制處分 附帶民事訴訟 暫行安置 期日及期間
法律名稱:土地登記規則 摘要:規範土地登記程序 保障土地權利的合法性與透明性 塗銷登記及消滅登記 土地權利信託登記 標示變更登記 總則 他項權利登記 其他登記 使用管理登記 附則 總登記 土地總登記 建物所有權第一次登記 所有權變更登記 更名登記及管理者變更登記 登記之申請及處理 網路申請登記 登記處理程序 更正登記及限制登記 住址變更登記 申請登記之文件 登記書表簿狀圖冊 書狀換給及補給登記 繼承登記 登記之申請 登記規費及罰鍰
法律名稱:家事事件法 摘要:規範家事事件的審理程序 維護家庭成員的合法權益 履行之確保及執行 交付子女與子女會面交往之執行 附則 總則 家事非訟程序 婚姻非訟事件 家事訴訟程序 通則 親屬間扶養事件 保護安置事件 繼承事件 失蹤人財產管理事件 未成年人監護事件 調解程序 親子非訟事件 婚姻事件程序 繼承訴訟事件 宣告死亡事件 親屬會議事件 扶養費及其他費用之執行 親子關係事件程序 收養事件 監護宣告事件 輔助宣告事件
法律名稱:勞工職業災害保險及保護法 摘要:規範職業災害保險與勞工保護措施 保障受害勞工權益 職業災害保險 保險給付 失蹤給付 年金給付之申請及核發 保險費 其他勞動保障 職業災害預防及重建 職業災害預防及重建財團法人 罰則 附則 經費及相關協助措施 保險基金及經費 職業傷病通報及職業病鑑定 總則 失能給付 死亡給付 傷病給付 醫療給付 投保單位 被保險人及保險效力 保險人 基金管理 保險監理及爭議處理
法律名稱:憲法訴訟法 摘要:規定憲法訴訟的程序 保障憲法權利的落實 一般程序規定 準用規定 附則 機關爭議案件 總統 副總統彈劾案件 法規範憲法審查及裁判憲法審查案件 國家機關 立法委員聲請法規範憲法審查 人民聲請法規範憲法審查及裁判憲法審查 裁判 書狀及聲請 當事人及訴訟代理人 迴避 政黨違憲解散案件 法院聲請法規範憲法審查 統一解釋法律及命令案件 總則 地方自治保障案件 言詞辯論
法律名稱:保險法 摘要:管理保險業務的經營 保障保險消費者的權益 保險業 通則 財產保險 其他財產保險 總則 再保險 罰則 之 一 同業公會 保險人之責任 附則 保險代理人 經紀人 公證人 保險契約 基本條款 定義及分類 保險費 人身保險 傷害保險 保險利益 健康保險 保證保險 海上保險 保險合作社 責任保險 特約條款 保險公司 年金保險 人壽保險 複保險 陸空保險 火災保險
法律名稱:國民法官法 摘要:規定國民參與司法審判的方式與條件 促進司法透明與公正 國民法官及備位國民法官 國民法官及備位國民法官之選任 附則 罰則 適用案件及管轄 總則 國民法官 備位國民法官及候選國民法官之保護 國民法官及備位國民法官之資格 審理程序 起訴 準備程序 終局評議及判決 基本原則 通則 上訴 審判期日 國民法官及備位國民法官之解任 國民參與審判制度成效評估 再審
法律名稱:公司法 摘要:管理公司設立 經營與解散的法律框架 保障商業秩序 股份有限公司 會計 變更章程 登記 申請 有限公司 董事及董事會 附則 兩合公司 設立 無限公司 退股 監察人 股份 解散 合併及分割 規費 公司重整 合併及變更組織 之一 關係企業 股東會 公司債 外國公司 清算 第 一 目 普通清算 公司之內部關係 閉鎖性股份有限公司 總則 發行新股 公司之對外關係
法律名稱:家事事件審理細則 摘要:補充家事事件法的審理細節 促進案件的公平處理 家事非訟事件 繼承非訟事件 婚姻非訟事件 死亡宣告事件 監護宣告事件 總則 履行之確保及執行 親屬會議事件 收養非訟事件 親屬間扶養事件 家事訴訟事件 婚姻訴訟事件 失蹤人財產管理事件 通則 未成年人監護事件 親子訴訟事件 繼承訴訟事件 調解程序 輔助宣告事件 親子非訟事件 保護安置事件
法律名稱:就業保險促進就業實施辦法 摘要:規定就業保險用於促進就業的相關措施與條件 其他促進就業措施 提升工會保障勞工就業權益能力 附則 職場勞工身心健康及生活平衡 協助雇主改善工作環境及勞動條件 辦理適性就業輔導 促進中高齡者及高齡者就業 促進職業災害勞工穩定就業 補助交通與搬遷及租屋費用 推介從事臨時工作 協助受影響勞工就業 僱用獎助措施 總則 僱用安定措施
法律名稱:汽車運輸業管理規則 摘要:規範汽車運輸業務的經營與管理 確保運輸安全 貨運營業 託運及承運 總則 監督 客運營業 公路及市區汽車客運業 經營及核准 通則 依據及分類 退票及補票 票價及運價 申請立案程序 獎勵與處罰 營運 附則 計程車客運業 運費或雜費 個人經營小貨車貨運業 購票及乘車 提貨 之一 小客車租賃業及小貨車租賃業 遊覽車客運業 行李運輸
法律名稱:土地法 摘要:規範土地取得 登記 使用與管理的相關規定 確保土地使用合法化 總則 法例 公有土地 地籍 通則 土地總登記 土地征收 征收程序 土地使用 荒地使用 地籍測量 土地稅 土地改良物稅 土地重劃 土地稅之減免 耕地租用 地價及改良物價 使用限制 地價稅 地權調整 地權限制 欠稅 征收補償 房屋及基地租用 地權 土地增值稅 土地權利變更登記
法律名稱:證券交易法 摘要:管理證券交易市場的運作 保障投資者權益 仲裁 證券交易所 監督 通則 有價證券之募集 發行 私募及買賣 有價證券之私募及買賣 會員制證券交易所 之一 外國公司 證券商同業公會 有價證券買賣之受託 有價證券之收購 證券商 證券自營商 罰則 發行及買賣 公司制證券交易所 證券經紀商 證券承銷商 附則 有價證券之上市及買賣 總則
法律名稱:軍事審判法 摘要:規範軍事案件的審理程序 保障軍隊紀律與公平 上訴 總則 被告之訊問及羈押 軍事法院 軍事法院之組織 裁判 法例 被告之傳喚及拘提 文書 送達 期日及期間 附則 軍事檢察署 非常上訴 軍事法院之管轄 初審 起訴 軍事法庭之開閉及用語 辯護人及輔佐人 偵查 抗告 再審 軍法人員之迴避 軍法人員 執行 審判 證據 搜索及扣押
法律名稱:非訟事件法 摘要:規範非訟案件的處理程序 促進糾紛的迅速解決 民事非訟事件 法人之監督及維護事件 登記事件 夫妻財產制契約登記 出版 拍賣及證書保存事件 商事非訟事件 票據事件 總則 司法事務官處理程序 聲請及處理 事件管轄 附則 信託事件 關係人 公司事件 海商事件 費用之徵收及負擔 意思表示之公示送達事件 裁定及抗告 法人登記
法律名稱:民用航空法 摘要:管理民用航空的運作與安全 促進航空業發展 航空人員 附則 之一 超輕型載具 航空器 民用航空事業之管理 民用航空運輸業 飛航安全 普通航空業 罰則 航空站 飛行場與助航設備 航空站地勤業 外籍航空器或外籍民用航空運輸業 航空貨物集散站經營業 航空貨運承攬業 之二 遙控無人機 賠償責任 總則
法律名稱:立法院職權行使法 摘要:規範立法院行使職權的程序與權限 確保國會運作有效率 請願文書之審查 聽取報告與質詢 彈劾案之提出 之一 罷免案之提出及審議 不信任案之處理 覆議案之處理 調查權之行使 同意權之行使 議案審議 附則 黨團協商 行政命令之審查 委員會公聽會之舉行 總則 聽證會之舉行 聽取總統國情報告
法律名稱:道路交通標誌標線號誌設置規則 摘要:規定交通標誌與號誌的設置標準 提升道路交通安全 標誌 輔助標誌 禁制標誌 標線 通則 指示標誌 禁制標線 指示標線 號誌 各種燈號顯示之意義 號誌之佈設 號誌組件與設計 總則 警告標線 時制設計之基本原則 燈號之應用 號誌控制方法 警告標誌 設置號誌之必要條件 附則
法律名稱:行政程序法 摘要:規範行政行為與程序 確保行政處理的合法性與透明性 總則 資訊公開 聽證程序 調查事實及證據 行政契約 行政處分 陳述意見及聽證 法例 管轄 當事人 期日與期間 送達 費用 法規命令及行政規則 行政指導 迴避 陳情 附則 行政處分之效力 行政處分之成立 行政計畫 程序之開始
法律名稱:強制執行法 摘要:規定法院及執行機構的強制執行程序 確保裁判的履行 關於行為及不行為請求權之執行 關於金錢請求權之執行 對於船舶及航空器之執行 假扣押假處分之執行 對於其他財產權之執行 總則 參與分配 對於動產之執行 對於公法人財產之執行 對於不動產之執行 關於物之交付請求權之執行 附則
法律名稱:公職人員選舉罷免法 摘要:規範公職人員的選舉與罷免程序 確保民主制度的運作 總則 妨害選舉罷免之處罰 選舉及罷免 投票及開票 選舉罷免機關 選舉結果 附則 選舉人名冊 候選人 刪除 罷免 罷免案之成立 罷免之投票及開票 選舉及罷免活動 罷免案之提出 選舉區 選舉公告 選舉罷免訴訟 選舉人
法律名稱:總統副總統選舉罷免法 摘要:新 84 08 09 制定 規範總統與副總統的選舉與罷免程序 確保民主運作 刪除 罷免 選舉及罷免 候選人 選舉罷免訴訟 選舉人 選舉及罷免活動 妨害選舉罷免之處罰 選舉罷免機關 投票及開票 選舉公告 副總統之缺位補選 選舉結果 附則 選舉人名冊 總則
法律名稱:中華民國憲法 摘要:規範國家基本制度與人民基本權利 保障民主法治 選舉 罷免 創制 複決 人民之權利義務 地方制度 省 總綱 基本國策 教育文化 國民經濟 邊疆地區 行政 總統 司法 國民大會 立法 社會安全 國防 憲法之施行及修改 外交 中央與地方之權限 監察 考試 縣
法律名稱:私立學校法 摘要:管理私立學校的設置與運作 保障教育品質與公平性 總 則 學校法人 法人登記 董事會 董事及監察人 合併 改制 停辦 解散及清算 附則 獎勵 補助及捐贈 私立學校之籌設 立案與招生 私立學校之立案與招生 校務行政 監督 設立 教職員工退休撫卹及資遣 罰則
法律名稱:入出國及移民法 摘要:規範入境 出境以及移民相關程序 保障國家安全及管理移民事務 總則 臺灣地區無戶籍國民停留 居留及定居 外國人停留 居留及永久居留 附則 機 船長及運輸業者之責任 面談及查察 國民入出國 外國人入出國 移民輔導及移民業務管理 罰則 驅逐出國及收容
法律名稱:職業安全衛生管理辦法 摘要:規範職業安全衛生管理的實施 保障勞工健康與工作環境安全 職業安全衛生管理措施 自動檢查 機械 設備之重點檢查 職業安全衛生組織及人員 作業檢點 機械之定期檢查 附則 設備之作業檢點 自動檢查紀錄及必要措施 設備之定期檢查 報告 總則
法律名稱:雇主聘僱外國人許可及管理辦法 摘要:規定外籍勞工聘僱的許可與管理 保障勞工權益與雇主需求 總則 附則 第四類外國人聘僱許可之申請 第五類外國人聘僱許可之申請 入國後之管理 第一類外國人聘僱許可之申請 第三類外國人聘僱許可之申請 第二類外國人招募及聘僱許可之申請
法律名稱:勞工保險條例施行細則 摘要:補充勞工保險條例的實施細節 確保勞工保障的落實 保險給付 通則 失能給付 總則 老年給付 附則 保險人 投保單位及被保險人 被保險人 經費 死亡給付 生育給付 年金給付之申請及核發 投保單位 保險費 職業災害保險醫療給付 傷病給付
法律名稱:地方制度法 摘要:規範地方自治的組織與運作 保障地方發展與自主權 地方自治 地方自治團體及其居民之權利與義務 自治財政 之一 直轄市山地原住民區 自治組織 地方行政機關 附則 自治事項 中央與地方及地方間之關係 省政府與省諮議會 自治法規 總則 地方立法機關
法律名稱:校園霸凌防制準則 摘要:規範校園霸凌事件的預防與處理 保護學生身心健康 校園安全規劃及校園霸凌防制機制 輔導及協助程序 主管機關之監督 生對生霸凌事件之調和 調查及處理 總則 霸凌事件之檢舉 通報及受理 專科以上學校師對生霸凌事件之調查及處理 附則
法律名稱:短期補習班設立及管理準則 摘要:規定短期補習班的設立與管理方式 保障學生學習權益 設立 立案 變更及停辦 總則 收費 退費方式及基準 負責人及教職員工 名稱 類科 課程及修業期間 班級人數及學生權益保障 附則 設備及管理 檢查 輔導 評鑑及獎勵
法律名稱:所得稅法 摘要:規範所得稅的徵收範圍與稅率 保障稅收公平 稽徵程序 暫繳 總則 一般規定 結算申報 營利事業所得稅 帳簿憑證與會計紀錄 盈餘申報 附則 自繳 扣繳 調查 資產估價 綜合所得稅 名詞定義 未分配盈餘之課稅 營利事業所得額 獎懲
法律名稱:勞工保險條例 摘要:規範勞工保險的範圍與給付標準 保障勞工的基本保障 附則 保險給付 生育給付 保險基金及經費 醫療給付 傷病給付 失能給付 通則 保險費 年金給付之申請及核發 保險人 投保單位及被保險人 罰則 老年給付 死亡給付 總則
法律名稱:全民健康保險法 摘要:規範全民健康保險的運作與給付 保障國民醫療權益 保險人 保險對象及投保單位 保險財務 附則 保險費之收繳及計算 罰則 總則 相關資料及文件之蒐集 查閱 醫療費用支付 安全準備及行政經費 保險醫事服務機構 保險給付
法律名稱:破產法 摘要:規範破產程序 保障債權人與債務人的合法權益 破產 調協 債權人會議 破產之宣告及效力 破產財團之分配及破產之終結 和解 商會之和解 總則 法院之和解 和解及和解讓步之撤銷 破產債權 罰則 復權 破產財團之構成及管理
法律名稱:藥事法 摘要:管理藥品的生產 銷售與使用 保障用藥安全與公共健康 藥局之管理及藥品之調劑 之一 西藥之專利連結 附則 藥物廣告之管理 藥物之販賣及製造 總則 罰則 管制藥品及毒劇藥品之管理 稽查及取締 藥物之查驗登記 藥商之管理
法律名稱:國民教育法 摘要:規定國民教育的目標與實施方式 保障教育公平與普及性 總則 課程 教學及學習評量 組織 人員及編制 就學費用及獎助學金 學生權益及家長參與 國民補習教育 國民教育之辦理 學校之設立 變更及停辦 附則 學生之入學
法律名稱:師資培育之大學及教育實習機構辦理教育實習辦法 摘要:規範師資培育機構的教育實習制度 提升教學品質 教育實習成績評定 教育實習機構之輔導職責 抵免修習及免修習教育實習 總則 實習學生之權利及義務 師資培育之大學之輔導職責 附則
法律名稱:文化資產保存法 摘要:保護文化資產與傳統文化 促進文化永續發展 無形文化資產 文化資產保存技術及保存者 古物 獎勵 自然地景 自然紀念物 罰則 古蹟 歷史建築 紀念建築及聚落建築群 總則 附則 考古遺址 史蹟 文化景觀
法律名稱:違反道路交通管理事件統一裁罰基準及處理細則 摘要:規定交通違規裁罰的標準與程序 確保執法的一致性 稽查及民眾檢舉 自動繳納罰鍰 受理 權責劃分 裁決 附則 移送 回復及催辦 分期繳納罰鍰 不服裁決之處理 執行 總則
法律名稱:監獄行刑法 摘要:規定監獄行刑的管理與處遇措施 促進受刑人改造 戒護 獎懲及賠償 給養 入監 附則 總則 陳情 申訴及起訴 接見及通信 釋放及保護 作業 假釋 死亡 衛生及醫療 保管 監禁 死刑之執行 教化及文康


為每個法律評分(0-100分)，分數代表與問題的相關程度：
    - 90-100分：非常相關，直接針對問題核心
    - 70-89分：相當相關，涵蓋問題重要面向
    - 50-69分：部分相關，涉及問題某些層面
    - 0-49分：關聯性較低

請直接輸出相關法律名稱與分數，格式如下：
法律名稱1,分數1,法律名稱2,分數2
...
例如:
《貪汙治罪條例》,80，《刑事诉讼法》,60、《銀行法》,...
這樣可以做為題幹中的參考材料之一。
注意：如果沒有找到適用且足以回答該問題的特定的法律，那麼也可以尋找近似概念的法律來進行比較，如『刑法』、『民法』等；或者根據不同領域選擇不同的法源，以滿足特定要求的目的。然而，在撰寫答案時仍需注意引用資料來源、提供詳細說明和理由支撐自己的看法和推斷過程——這將使你的文章更加具有說服力的同時增加其知識價值！最後，要隨著時間的推移更新/修改此列表以符合最新的情況和需要！
2024-12-15 00:08:26,352 - LegalAssistant - DEBUG - Found marker at index 8267
2024-12-15 00:08:26,352 - LegalAssistant - DEBUG - After marker removal: 如果沒有找到適用且足以回答該問題的特定的法律，那麼也可以尋找近似概念的法律來進行比較，如『刑法』、『民法』等；或者根據不同領域選擇不同的法源，以滿足特定要求的目的。然而，在撰寫答案時仍需注意引用資料來源、提供詳細說明和理由支撐自己的看法和推斷過程——這將使你的文章更加具有說服力的同時增加其知識價值！最後，要隨著時間的推移更新/修改此列表以符合最新的情況和需要！
2024-12-15 00:08:26,352 - LegalAssistant - DEBUG - After number removal: 如果沒有找到適用且足以回答該問題的特定的法律，那麼也可以尋找近似概念的法律來進行比較，如『刑法』、『民法』等；或者根據不同領域選擇不同的法源，以滿足特定要求的目的。然而，在撰寫答案時仍需注意引用資料來源、提供詳細說明和理由支撐自己的看法和推斷過程——這將使你的文章更加具有說服力的同時增加其知識價值！最後，要隨著時間的推移更新/修改此列表以符合最新的情況和需要！
2024-12-15 00:08:26,352 - LegalAssistant - DEBUG - Final cleaned response: 
2024-12-15 00:08:26,353 - LegalAssistant - DEBUG - Extracting law names from response: 
2024-12-15 00:08:26,353 - LegalAssistant - DEBUG - Extracted law names: ['']
2024-12-15 00:08:26,353 - LegalAssistant - DEBUG - Extracted laws from law_part_1.txt: ['']
2024-12-15 00:08:26,353 - LegalAssistant - DEBUG - Processing file: law_part_3.txt
2024-12-15 00:08:26,353 - LegalAssistant - DEBUG - Created prompt with query: 帶手指虎打傷人，手指虎會被「沒收」還是「沒入」？ [SEP] 知道沒收是刑法，沒入是行政法。 單純持有違禁品（手指虎）會遭到沒收， 但用違禁品傷人，是會被「沒收」還是「沒入」呢？...
2024-12-15 00:08:26,353 - LegalAssistant - DEBUG - Document length: 7505 characters
2024-12-15 00:08:26,363 - LegalAssistant - DEBUG - Prompt length: 6904 tokens
2024-12-15 00:08:26,363 - LegalAssistant - DEBUG - Response buffer: 250 tokens
2024-12-15 00:08:26,363 - LegalAssistant - DEBUG - Total max length: 7154 tokens
2024-12-15 00:08:26,363 - LegalAssistant - DEBUG - Model max length: 22000 tokens
2024-12-15 00:08:26,363 - LegalAssistant - DEBUG - Final max length: 7154 tokens
2024-12-15 00:08:26,369 - LegalAssistant - DEBUG - Prompt tokens: 6904
2024-12-15 00:08:26,369 - LegalAssistant - DEBUG - Setting max_length to: 7154
2024-12-15 00:08:26,374 - LegalAssistant - INFO - Generating response...
2024-12-15 00:08:32,763 - LegalAssistant - DEBUG - Decoding response
2024-12-15 00:08:32,767 - LegalAssistant - DEBUG - Original response: 請分析以下問題與參考法律文件內，每條法律的關聯度並給予分數。

問題：帶手指虎打傷人，手指虎會被「沒收」還是「沒入」？ [SEP] 知道沒收是刑法，沒入是行政法。 單純持有違禁品（手指虎）會遭到沒收， 但用違禁品傷人，是會被「沒收」還是「沒入」呢？

參考法律文件：
法律名稱:消防法 摘要:規定消防安全措施與管理 保障公共與私人財產的安全 災害搶救 附則 民力運用 災害調查與鑑定 罰則 總則 火災預防
法律名稱:公平交易法 摘要:規範商業競爭行為 維護市場公平與消費者權益 調查及裁處程序 總則 不公平競爭 附則 罰則 損害賠償 限制競爭
法律名稱:職業安全衛生法施行細則 摘要:補充職業安全衛生法的實施細節 保障勞工安全 安全衛生設施 附則 總則 安全衛生管理 監督及檢查
法律名稱:商標法施行細則 摘要:補充商標法的實施細節 保護商標權利人 商標權 附則 商標申請及審查 總則 證明標章 團體標章及團體商標
法律名稱:臺灣地區與大陸地區人民關係條例 摘要:規範臺灣與大陸地區人民交流的法律框架 保障雙方利益 總則 行政 刑事 附則 民事 罰則
法律名稱:民宿管理辦法 摘要:規範民宿經營與管理 促進旅遊產業合法發展 附則 民宿經營之管理及輔導 民宿之申請准駁及設施設備基準 總則
法律名稱:傳染病防治法 摘要:規定傳染病防治措施與管理 保障公共健康安全 總則 檢疫措施 傳染病預防 附則 罰則 防治體系 防疫措施
法律名稱:公寓大廈管理條例 摘要:規範公寓大廈的管理與維護 保障居住環境品質 總則 管理組織 附則 罰則 管理服務人 住戶之權利義務
法律名稱:兒童及少年性剝削防制條例 摘要:致力於防制兒童及少年性剝削行為 保護未成年者權益 附則 救援及保護 總則 安置及服務 罰則
法律名稱:所得稅法施行細則 摘要:補充所得稅法的實施細節 確保稅務公平與透明 綜合所得稅 獎懲 附則 總則 稽徵程序 營利事業所得稅
法律名稱:動物傳染病防治條例 摘要:防治動物傳染病的發生與擴散 保障農牧業安全 損失補償及罰則 防疫 總則 附則 輸出入與檢疫 預防
法律名稱:職業安全衛生法 摘要:管理職場安全與衛生標準 保障勞工健康與安全 監督與檢查 總則 罰則 安全衛生管理 安全衛生設施 附則
法律名稱:性侵害犯罪防治法 摘要:致力於預防及處理性侵害犯罪 保護受害者權益 被害人保護 附則 總則 罰則 加害人處遇 預防及通報
法律名稱:營養師法 摘要:管理營養師資格與執業規範 提升營養健康服務品質 營養諮詢機構之設置及管理 總則 罰則 執業 附則 公會
法律名稱:優生保健法 摘要:促進國民優生保健 保障生育健康與新生兒福祉 總則 人工流產及結紮手術 附則 健康保護及生育調節 罰則
法律名稱:停車場法 摘要:規範停車場設置與管理 提升停車設施服務品質 經營與管理 獎助與處罰 路外停車場 總則 路邊停車場 附則
法律名稱:不動產經紀業管理條例 摘要:管理不動產經紀業的執業與行為 保障交易安全 獎懲 附則 經紀業 總則 業務及責任 經紀人員
法律名稱:醫事人員執業登記及繼續教育辦法 摘要:規範醫事人員的執業登記與繼續教育 提升醫療品質 總則 附則 執業登記 繼續教育
法律名稱:農產品市場交易法 摘要:規範農產品交易市場的設置與運作 提升市場效率 批發交易 附則 共同運銷 零售交易 罰則 總則
法律名稱:財團法人法 摘要:規範財團法人的設立與運作 確保公益性與透明性 附則 民間捐助之財團法人 政府捐助之財團法人 總則
法律名稱:郵政法 摘要:規範郵政業務的經營與服務 保障郵政使用者權益 附則 郵件遞送及管理 郵件補償 罰則 總則 郵費及郵票
法律名稱:道路交通管理處罰條例 摘要:規範交通違規行為的處罰標準與程序 保障道路安全 道路障礙 汽車 慢車 行人 總則 附則
法律名稱:公路法 摘要:規範公路建設與管理 促進交通運輸便利化 公路修建與養護 安全管理 獎勵與處罰 附則 總則 公路運輸
法律名稱:車輛行車事故鑑定及覆議作業辦法 摘要:規範車輛事故的鑑定程序與覆議機制 促進案件公平處理 附則 總則 鑑定 覆議
法律名稱:統一發票使用辦法 摘要:規定統一發票的使用與管理 促進稅收透明化 免用及免開範圍 總則 購買 使用及申報 附則
法律名稱:直轄市縣 摘要:市 不動產糾紛調處委員會設置及調處辦法 規定不動產糾紛調處委員會的設置與運作 促進糾紛和平解決
法律名稱:經濟部對受嚴重特殊傳染性肺炎影響發生營運困難產業事業紓困振興辦法 摘要:提供企業紓困措施 減少疫情對經濟的衝擊
法律名稱:大陸地區人民在臺灣地區取得設定或移轉不動產物權許可辦法 摘要:規範大陸地區人民在臺灣取得不動產權利的程序與條件
法律名稱:戶籍法施行細則 摘要:補充戶籍法的實施細節 確保戶籍登記的正確性與效率 戶籍登記 附則 總則 戶口調查及統計
法律名稱:警察職權行使法 摘要:規範警察職權的行使與限制 保障公民權利 即時強制 身分查證及資料蒐集 總則 附則 救濟
法律名稱:電子遊戲場業管理條例 摘要:規範電子遊戲場業務的經營 促進產業合法發展 附則 罰則 管理 登記及評鑑 總則
法律名稱:有限合夥法 摘要:管理有限合夥的設立與運作 促進商業模式多元化 營運 登記 總則 附則 罰則 外國有限合夥
法律名稱:文化創意產業發展法 摘要:促進文化創意產業的發展 提升國際競爭力 附則 租稅優惠 總則 協助及獎補助機制
法律名稱:勞動事件法 摘要:處理勞動爭議案件的相關程序 保障勞工權益 附則 訴訟程序 勞動調解程序 總則 保全程序
法律名稱:高級中等以下學校兼任代課及代理教師聘任辦法 摘要:針對高級中等以下學校的兼任及代理教師的聘任方式進行規範
法律名稱:人口販運防制法 摘要:防制人口販運行為 保障受害者權益與安全 附則 罰則 被害人保護 預防及鑑別 總則
法律名稱:中央銀行法 摘要:規範中央銀行的職責與運作 維護貨幣穩定與金融秩序 預算及決算 業務 組織 總則 附則
法律名稱:地政士法 摘要:規範地政士的資格與職責 提升土地管理專業性 執業 公會 附則 業務及責任 總則 獎懲
法律名稱:鐵路法 摘要:管理鐵路建設 運營及安全的相關法律規範 安全 管理 建築 總則 監督 附則 運送 罰則
法律名稱:中華民國國徽國旗法 摘要:規定國徽與國旗的製作與使用方式 維護國家尊嚴 製造 管理 使用 附則 總則
法律名稱:空氣污染防制法 摘要:規範空氣污染防治措施 保護環境與公共健康 總則 附則 防制 空氣品質維護 罰則
法律名稱:發展觀光條例 摘要:促進觀光產業發展 提升國家旅遊競爭力 規劃建設 獎勵及處罰 附則 總則 經營管理
法律名稱:法院辦理民事事件證人鑑定人日費旅費及鑑定費支給標準 摘要:規範民事案件中證人及鑑定人的費用補助標準
法律名稱:道路交通事故處理辦法 摘要:92 09 24 訂定 規定交通事故的處理程序 促進事故責任的公平分擔
法律名稱:著作財產權人不明著作利用之許可授權及使用報酬辦法 摘要:規定不明著作權作品的使用許可與報酬計算方式
法律名稱:民事事件委任非律師為訴訟代理人許可準則 摘要:規定民事案件中非律師代理的條件與程序 保障訴訟合法性
法律名稱:嚴重特殊傳染性肺炎防治及紓困振興特別條例 摘要:針對肺炎疫情的防治與紓困措施 減少對社會經濟的影響
法律名稱:法院辦理民事事件訴訟文書之影印攝影抄錄及翻譯費徵收標準 摘要:規定訴訟文書相關複製與翻譯的收費標準
法律名稱:存款帳戶及其疑似不法或顯屬異常交易管理辦法 摘要:規定存款帳戶異常交易的監控與處理 防範金融犯罪
法律名稱:勞動基準法檢舉案件保密及處理辦法 摘要:規定勞動基準法檢舉案件的保密與處理程序 保障檢舉人權益
法律名稱:爆竹煙火製造儲存販賣場所設置及安全管理辦法 摘要:規範爆竹煙火設置場所的安全管理 降低安全風險
法律名稱:各級法院辦理民事事件遠距審理及文書傳送辦法 摘要:規範各級法院遠距訊問的操作程序 提升審理效率
法律名稱:醫師法 摘要:管理醫師資格與執業規範 保障醫療品質與安全 總則 執業 懲處 義務 公會 附則
法律名稱:當舖業法 摘要:規範當舖業務的經營與管理 保障交易安全 登記管理 附則 總則 營業管理 罰則
法律名稱:人類免疫缺乏病毒傳染防治及感染者權益保障條例 摘要:防治HIV傳染病 保障感染者的權益與尊嚴
法律名稱:著作財產權人不明著作利用許可申請規費收費準則 摘要:規定不明著作利用許可的申請程序與收費標準
法律名稱:具有多重醫事人員資格者執業管理辦法 摘要:管理多重醫事資格者的執業規範 保障醫療服務品質
法律名稱:高速公路及快速公路交通管制規則 摘要:規範高速公路與快速公路的交通管理措施 提升行車安全
法律名稱:通訊交易解除權合理例外情事適用準則 摘要:規定通訊交易解除權的例外情形 保障雙方權益
法律名稱:計程車駕駛人執業登記管理辦法 摘要:規定計程車駕駛執業登記的標準與程序 保障乘車安全
法律名稱:勞工退休準備金提撥及管理辦法 摘要:規範勞工退休準備金的提撥與運用 保障勞工退休生活
法律名稱:警察刑事紀錄證明核發條例 摘要:規定刑事紀錄證明的核發條件與程序 保障隱私與公共利益
法律名稱:噪音管制法 摘要:管理噪音污染的防治措施 提升生活環境品質 罰則 管制 總則 附則
法律名稱:公司名稱及業務預查審核準則 摘要:規定公司名稱與業務的預查標準 確保合法性與一致性
法律名稱:會計師查核簽證有限合夥登記出資額辦法 摘要:規範會計師查核有限合夥出資的標準與程序
法律名稱:專科以上學校產學合作實施辦法 摘要:促進專科以上學校與產業合作 提升學生的實務經驗
法律名稱:個人資料保護法施行細則 摘要:補充與細化個人資料保護法的具體操作方式 保障個人隱私
法律名稱:刑事訴訟遠距訊問作業辦法 摘要:規範遠距訊問技術在刑事案件中的使用 提升審理效率
法律名稱:公寓大廈管理條例施行細則 摘要:補充公寓大廈管理條例的實施細節 提升社區治理效能
法律名稱:人體器官移植條例 摘要:規範人體器官移植的條件與程序 保障受贈者與捐贈者的權益
法律名稱:司法院大法官自律實施辦法 摘要:規範司法院大法官的自律行為 確保司法公正與獨立
法律名稱:中央選舉委員會組織法 摘要:規範中央選舉委員會的設置與運作 保障選舉公平與透明
法律名稱:會計師查核簽證公司登記資本額辦法 摘要:規定會計師查核公司登記資本額的操作細則
法律名稱:消除對婦女一切形式歧視公約施行法 摘要:促進性別平等 禁止對婦女的各種形式歧視
法律名稱:性別平等工作法施行細則 摘要:補充性別工作平等法的實施細節 促進職場性別平等
法律名稱:全民健康保險醫療辦法 摘要:規範全民健保醫療服務的提供與管理 保障醫療公平性
法律名稱:各級法院法官自律實施辦法 摘要:規定法官的自律行為標準 維護司法形象與公正性
法律名稱:優生保健法施行細則 摘要:補充優生保健法的實施細節 促進生育健康與新生兒福祉
法律名稱:爆竹煙火管理條例施行細則 摘要:規定爆竹煙火的製造與使用管理 確保公共安全
法律名稱:特定寵物業管理辦法 摘要:規範寵物業的經營與管理 保障動物福利與消費者權益
法律名稱:無障礙住宅設計基準及獎勵辦法 摘要:規範無障礙住宅設計標準 促進居住公平性
法律名稱:補習及進修教育法 摘要:規範補習與進修教育機構的設置與運作 保障學習者權益
法律名稱:駐外使領館組織條例 摘要:規範駐外使領館的設置與運作 促進外交事務順利推行
法律名稱:家庭暴力防治法施行細則 摘要:補充家庭暴力防治法的實施細節 保護受害者權益
法律名稱:私立高級中等以上學校退場條例 摘要:規範私立學校退場程序 保障學生受教權益
法律名稱:職工福利委員會組織準則 摘要:規範職工福利委員會的組織與運作 提升勞工福利
法律名稱:原住民族傳統智慧創作保護條例 摘要:保護原住民族的傳統智慧創作與文化資產
法律名稱:高級中等學校學生學籍管理辦法 摘要:規範高級中等學校學生學籍的登記與管理
法律名稱:性騷擾防治法施行細則 摘要:補充性騷擾防治法的實施細節 促進安全職場環境
法律名稱:公務人員週休二日實施辦法 摘要:規定公務人員週休二日的實施範圍與例外情況
法律名稱:農業產銷班設立及輔導辦法 摘要:促進農業產銷班的設立與發展 提升農業效能
法律名稱:槍砲彈藥刀械管制條例 摘要:規定槍砲 彈藥與刀械的管理措施 保障公共安全
法律名稱:公務人員請假規則 摘要:規範公務人員請假制度與程序 保障工作與生活平衡
法律名稱:就業服務法施行細則 摘要:補充就業服務法的實施細節 促進就業機會的創造
法律名稱:醫師法施行細則 摘要:補充醫師法的實施細節 確保醫療服務的專業性與品質
法律名稱:通訊保障及監察法 摘要:規範通訊監察的條件與程序 保障隱私權與公共安全
法律名稱:中華民國憲法增修條文 摘要:規範憲法增修的條款 適應國家制度的變革需求
法律名稱:大量解僱勞工保護法 摘要:保護大量解僱勞工的權益 提供必要的補償與協助
法律名稱:市區道路條例 摘要:管理市區道路的建設與維護 提升道路使用效率與安全性
法律名稱:公務人員任用法 摘要:規範公務人員的任用條件與程序 確保人事管理公平化
法律名稱:偵查不公開作業辦法 摘要:規定偵查過程中涉及不公開作業的適用範圍及程序
法律名稱:安寧緩和醫療條例 摘要:規範安寧緩和醫療的提供 保障病患的尊嚴與選擇權
法律名稱:性騷擾事件調解辦法 摘要:規範性騷擾事件調解的程序 促進事件和平解決
法律名稱:中央政府機關總員額法 摘要:規範中央政府機關的人員編制 提升行政效能
法律名稱:爆竹煙火管理條例 摘要:規定爆竹煙火的製造 儲存與使用 保障公共安全
法律名稱:鄉鎮市調解條例 摘要:規範鄉鎮市調解委員會的設置與運作 促進社區和諧
法律名稱:教師請假規則 摘要:規範教師請假的條件與程序 保障學校運作與教師權益
法律名稱:公務人員考試法 摘要:規範公務人員考試的程序與條件 確保人才公平選拔
法律名稱:基本工資審議辦法 摘要:規範基本工資的審議程序與標準 保障勞工權益
法律名稱:民法總則施行法 摘要:補充民法總則的實施細節 確保法律適用的明確性
法律名稱:司法院組織法 摘要:規範司法院的設置與運作 保障司法體系的有效運作
法律名稱:性騷擾防治準則 摘要:規範性騷擾事件的處理與預防措施 營造安全環境
法律名稱:中華民國刑法施行法 摘要:補充刑法實施細節 確保刑事法律的有效執行
法律名稱:執行死刑規則 摘要:規範死刑執行的程序與管理 確保法律適用的公正性
法律名稱:民事閱卷規則 摘要:規定民事案件閱卷的程序與限制 確保資料使用安全
法律名稱:公益勸募條例 摘要:規範公益勸募活動的方式與管理 保障善款使用透明
法律名稱:教師法施行細則 摘要:補充教師法的實施細節 保障教師權益與專業發展
法律名稱:民法債編施行法 摘要:補充民法債編的實施細節 確保民事法律的完整性
法律名稱:防空演習實施辦法 摘要:規範防空演習的計畫與執行 提升國家防空能力
法律名稱:律師法施行細則 摘要:補充律師法的實施細節 確保律師執業的合法性
法律名稱:刑事妥速審判法 摘要:規定刑事案件快速審理的程序 保障當事人權益
法律名稱:紀念日及節日實施辦法 摘要:規定國定紀念日與節日的設立與運作方式
法律名稱:毒品危害防制條例 摘要:加強毒品的防制措施 降低毒品對社會的危害
法律名稱:職工福利金條例 摘要:規定職工福利金的提撥與運用 提升勞工福利
法律名稱:學位授予法 摘要:規範學位授予標準與程序 確保學術資格的公信力
法律名稱:學生輔導法 摘要:促進學生心理健康與學習輔導 提升教育支持系統
法律名稱:集會遊行法 摘要:規範集會遊行的權利與義務 維護公共秩序與安全
法律名稱:強迫入學條例 摘要:規定適齡學生的強迫入學措施 促進教育普及化
法律名稱:國家公園法 摘要:規範國家公園的設立與管理 保護自然與文化資源
法律名稱:組織犯罪防制條例 摘要:致力於防制組織犯罪 維護社會安全與秩序
法律名稱:駐外機構組織通則 摘要:規範駐外機構的設置與運作 促進國際交流
法律名稱:師資培育法 摘要:規定教師資格的培育 認證與進修 提升教育品質
法律名稱:房屋稅條例 摘要:規定房屋稅的徵收範圍與計算方式 確保稅收公平
法律名稱:法務部調查局組織法 摘要:規範調查局的組織與職掌 維護國家安全
法律名稱:國家賠償法 摘要:規範國家賠償責任的範圍與程序 保障公民權益
法律名稱:教師待遇條例 摘要:規範教師的薪酬與待遇標準 保障其職業尊嚴
法律名稱:政治獻金法 摘要:規範政治獻金的來源與使用 保障選舉的公平性
法律名稱:刑事補償法 摘要:規定錯誤刑事處分的補償措施 保障當事人權益
法律名稱:提審法 摘要:保障被拘禁者的權利 規定提審程序與法律救濟途徑
法律名稱:法務部組織法 摘要:規範法務部的組織架構與職掌 維護法律秩序
法律名稱:民防法 摘要:規範民防組織與行動計畫 提升國防與災害應變能力
法律名稱:商品標示法 摘要:規定商品標示的內容與方式 保障消費者知情權
法律名稱:營業秘密法 摘要:保護企業的營業秘密 防止不正當使用或洩漏
法律名稱:警械使用條例 摘要:規範警械的使用條件與程序 維護社會治安
法律名稱:病人自主權利法 摘要:保障病人在醫療過程中的自主權與選擇權
法律名稱:外國護照簽證條例 摘要:規範外國人入境簽證的申請與核發程序
法律名稱:典試法 摘要:管理考試的執行與公平性 確保公務員選拔的透明
法律名稱:勞工請假規則 摘要:規定勞工請假的條件與程序 保障勞工權益
法律名稱:圖書館法 摘要:管理圖書館的設置與運作 推動文化與教育發展
法律名稱:跟蹤騷擾防制法 摘要:防治跟蹤騷擾行為 保障個人安全與尊嚴
法律名稱:洗錢防制法 摘要:防制洗錢活動 確保金融交易的透明與安全
法律名稱:姓名條例 摘要:規定姓名登記與變更程序 保障公民身份權益
法律名稱:懲治走私條例 摘要:打擊走私行為 維護國家經濟秩序與安全
法律名稱:反滲透法 摘要:防制境外勢力滲透 保障國家安全與民主制度
法律名稱:海岸巡防法 摘要:規定海岸巡防的範疇與措施 確保海域安全
法律名稱:教育基本法 摘要:規定教育的基本原則與目標 保障受教育權
法律名稱:貪污治罪條例 摘要:防治貪污行為 保障公共資源與司法公平
法律名稱:證人保護法 摘要:保障證人的安全 確保司法程序順利進行
法律名稱:提存法 摘要:規定提存的方式與程序 保障債權債務的履行


為每個法律評分(0-100分)，分數代表與問題的相關程度：
    - 90-100分：非常相關，直接針對問題核心
    - 70-89分：相當相關，涵蓋問題重要面向
    - 50-69分：部分相關，涉及問題某些層面
    - 0-49分：關聯性較低

請直接輸出相關法律名稱與分數，格式如下：
法律名稱1,分數1,法律名稱2,分數2
... (依此類推)

例如:
公司名稱 及 照片須附於留言處，如需我協助其他問題也歡迎提出!
2024-12-15 00:08:32,767 - LegalAssistant - DEBUG - Found marker at index 7792
2024-12-15 00:08:32,767 - LegalAssistant - DEBUG - After marker removal: 法律名稱1,分數1,法律名稱2,分數2
... (依此類推)

例如:
公司名稱 及 照片須附於留言處，如需我協助其他問題也歡迎提出!
2024-12-15 00:08:32,767 - LegalAssistant - DEBUG - After number removal: 法律名稱1,分數1,法律名稱2,分數2
... (依此類推)

例如:
公司名稱 及 照片須附於留言處，如需我協助其他問題也歡迎提出!
2024-12-15 00:08:32,767 - LegalAssistant - WARNING - Failed to process line: 法律名稱1,分數1,法律名稱2,分數2. Error: could not convert string to float: '分數1'
2024-12-15 00:08:32,767 - LegalAssistant - DEBUG - Final cleaned response: 
2024-12-15 00:08:32,767 - LegalAssistant - DEBUG - Extracting law names from response: 
2024-12-15 00:08:32,767 - LegalAssistant - DEBUG - Extracted law names: ['']
2024-12-15 00:08:32,767 - LegalAssistant - DEBUG - Extracted laws from law_part_3.txt: ['']
2024-12-15 00:08:32,767 - LegalAssistant - DEBUG - Processing file: law_part_2.txt
2024-12-15 00:08:32,767 - LegalAssistant - DEBUG - Created prompt with query: 帶手指虎打傷人，手指虎會被「沒收」還是「沒入」？ [SEP] 知道沒收是刑法，沒入是行政法。 單純持有違禁品（手指虎）會遭到沒收， 但用違禁品傷人，是會被「沒收」還是「沒入」呢？...
2024-12-15 00:08:32,767 - LegalAssistant - DEBUG - Document length: 7724 characters
2024-12-15 00:08:32,778 - LegalAssistant - DEBUG - Prompt length: 7198 tokens
2024-12-15 00:08:32,778 - LegalAssistant - DEBUG - Response buffer: 250 tokens
2024-12-15 00:08:32,778 - LegalAssistant - DEBUG - Total max length: 7448 tokens
2024-12-15 00:08:32,778 - LegalAssistant - DEBUG - Model max length: 22000 tokens
2024-12-15 00:08:32,778 - LegalAssistant - DEBUG - Final max length: 7448 tokens
2024-12-15 00:08:32,784 - LegalAssistant - DEBUG - Prompt tokens: 7198
2024-12-15 00:08:32,784 - LegalAssistant - DEBUG - Setting max_length to: 7448
2024-12-15 00:08:32,790 - LegalAssistant - INFO - Generating response...
2024-12-15 00:08:50,847 - LegalAssistant - DEBUG - Decoding response
2024-12-15 00:08:50,851 - LegalAssistant - DEBUG - Original response: 請分析以下問題與參考法律文件內，每條法律的關聯度並給予分數。

問題：帶手指虎打傷人，手指虎會被「沒收」還是「沒入」？ [SEP] 知道沒收是刑法，沒入是行政法。 單純持有違禁品（手指虎）會遭到沒收， 但用違禁品傷人，是會被「沒收」還是「沒入」呢？

參考法律文件：
法律名稱:消費者保護法 摘要:保障消費者權益 規範交易行為與糾紛處理機制 消費者權益 特種交易 行政監督 消費爭議之處理 申訴與調解 罰則 附則 總則 定型化契約 消費資訊之規範 消費者保護團體 健康與安全保障 消費訴訟
法律名稱:監獄行刑法施行細則 摘要:補充監獄行刑法的實施細節 確保行刑制度的公正性與人道性 陳情及申訴 接見及通信 給養 釋放及保護 附則 總則 賞罰與賠償 入監 作業 死亡 教化及文康 假釋 戒護 監禁 衛生及醫療
法律名稱:國民年金法 摘要:規定國民年金的投保與給付 保障國民退休生活 保險基金及經費 保險給付 喪葬給付 被保險人及保險效力 保險費 附則 身心障礙年金給付 罰則 遺屬年金給付 總則 老年年金給付及生育給付 通則
法律名稱:高級中等教育法 摘要:規範高級中等教育的設置與運作 提升教育品質 附則 總則 校長聘任及考核 學生權利及義務 學生資格 入學方式及就學區劃分 教職員任用及考核 組織及會議 課程及學習評量 設立 類型及評鑑
法律名稱:法院組織法 摘要:規範法院的設置與運作 提升司法效能與公平 司法年度及事務分配 檢察機關 司法上之互助 總則 法院之用語 法庭之開閉及秩序 附則 高等法院 地方法院 最高法院 裁判之評議 司法行政之監督
法律名稱:社會秩序維護法 摘要:規範維護社會秩序的行為與措施 促進社會和諧 分則 妨害他人身體財產 妨害安寧秩序 處罰程序 管轄 妨害公務 總則 法例 調查 附則 救濟 裁處 責任 處罰 妨害善良風俗 時效 執行
法律名稱:行政法院組織法 摘要:規範行政法院的設置 職掌與運作機制 最高行政法院 總則 其他人員之配置 法庭之開閉及秩序 司法行政之監督 法官之任用資格及待遇 附則 高等行政法院 書記官之配置 司法年度及事務分配
法律名稱:消費者保護法施行細則 摘要:補充消費者保護法的實施細節 確保消費者權益落實 總則 罰則 消費者權益 消費資訊之規範 行政監督 消費爭議之處理 附則 定型化契約 健康與安全保障 特種交易 消費者保護團體
法律名稱:食品安全衛生管理法 摘要:保障食品的安全與衛生 防範食品安全事件的發生 總則 罰則 食品業者衛生管理 食品安全風險管理 附則 食品標示及廣告管理 食品檢驗 食品輸入管理 食品衛生管理 食品查核及管制
法律名稱:醫療器材管理法 摘要:規定醫療器材的設計 生產與使用標準 確保醫療安全 監督及預防 總則 稽查及取締 醫療器材之登錄及查驗登記 附則 醫療器材臨床試驗之管理 罰則 醫療器材廣告之管理 製造販賣之管理
法律名稱:羈押法 摘要:規範羈押程序與條件 保障被羈押者的基本權利 入所 附則 獎懲及賠償 死亡 接見及通信 生活輔導及文康 監禁及戒護 志願作業 給養 保管 釋放及保護 陳情 申訴及起訴 衛生及醫療 總則
法律名稱:行刑累進處遇條例 摘要:規範累進處遇的實施標準 促進受刑人矯正與回歸社會 累進處遇之審查 附則 監禁及戒護 給養 教化 假釋 累進處遇 作業 受刑人之調查及分類 留級及降級 接見及寄發書信 總則
法律名稱:醫療法 摘要:規範醫療機構的設置與運作 保障醫療服務品質 醫療法人 通則 醫事審議委員會 附則 總則 罰則 教學醫院 醫療機構 醫療財團法人 醫療業務 醫事人力及設施分布 醫療社團法人 醫療廣告
法律名稱:中高齡者及高齡者就業促進法 摘要:推動中高齡與高齡者的就業機會 促進勞動市場多元化 總則 開發就業機會 穩定就業措施 附則 推動銀髮人才服務 支持退休後再就業 促進失業者就業 禁止年齡歧視 罰則
法律名稱:訴願法 摘要:規定人民對行政行為不服時的訴願程序 保障救濟權利 總則 訴願人 訴願程序 訴願之提起 訴願審議委員會 管轄 再審程序 訴願卷宗 訴願決定 訴願事件 期日及期間 訴願審議 送達 附則
法律名稱:加值型及非加值型營業稅法 摘要:規範營業稅的徵收範圍與計算方式 保障稅收公平 稅額計算 特種稅額計算 一般稅額計算 稽徵 稽查 帳簿憑證 附則 申報繳納 總則 罰則 減免範圍 稅率 稅籍登記
法律名稱:公民投票法 摘要:規範公民投票的程序與適用範圍 保障公民的直接民主權利 公民投票程序 地方性公民投票 提案人 連署人及投票權人 罰則 總則 附則 公民投票結果 公民投票爭訟 全國性公民投票
法律名稱:人工生殖法 摘要:規範人工生殖技術的使用與管理 保障生殖權益 生殖細胞及胚胎之保護 資料之保存 管理及利用 附則 人工生殖之施行 醫療機構施行人工生殖之管理 人工生殖子女之地位 總則 罰則
法律名稱:法官法 摘要:規範法官的任用 訓練及管理 確保司法公正 總則 法官之任用 法官之考察 進修及請假 法官會議 職務法庭 法官之給與 法官之保障 檢察官 附則 法官評鑑 法官之司法倫理與監督
法律名稱:戶籍法 摘要:規範戶籍登記與管理制度 保障個人身分權益 戶籍資料之申請及提供 國民身分證及戶口名簿 登記之變更 更正 撤銷及廢止 總則 登記之申請 罰則 登記之類別 戶口調查及統計 附則
法律名稱:都市計畫法 摘要:管理都市土地利用與發展計畫 促進城市有序發展 附則 組織及經費 罰則 都市計畫之擬定 變更 發布及實施 新市區之建設 舊市區之更新 總則 土地使用分區管制 公共設施用地
法律名稱:勞動基準法施行細則 摘要:補充勞動基準法的實施細節 保障勞工的基本權益 工資 監督及檢查 工作時間 休息 休假 職業災害補償 退休 童工 女工 勞動契約 附則 工作規則 總則 技術生
法律名稱:強制汽車責任保險法 摘要:規定汽車必須投保責任保險 保障交通事故中的受害人權益 保險契約 請求權之行使 保險業之監理 總則 保險範圍 契約之成立 汽車交通事故特別補償基金 附則 罰則
法律名稱:票據法 摘要:管理票據的使用與流通 保障商業交易安全 匯票 付款 拒絕證書 參加承兌 附則 通則 複本 承兌 背書 保證 支票 到期日 追索權 本票 參加付款 謄本 發票及款式
法律名稱:勞動基準法 摘要:規定勞動條件與保障措施 促進勞資雙方和諧 工資 職業災害補償 退休 附則 童工 女工 監督與檢查 罰則 工作規則 技術生 總則 工作時間 休息 休假 勞動契約
法律名稱:商標法 摘要:保護商標權利 促進商業標識的公平使用與競爭 商標 商標權 審查及核准 評定 權利侵害之救濟 廢止 異議 罰則 申請註冊 附則 證明標章 團體標章及團體商標 總則
法律名稱:少年事件處理法 摘要:規範少年事件的處理方式 保障未成年人權益與改過機會 附則 總則 少年法院之組織 少年刑事案件 少年保護事件 抗告及重新審理 調查及審理 保護處分之執行
法律名稱:觀光旅館業管理規則 摘要:規範觀光旅館的設置與經營 提升旅遊住宿品質 總則 觀光旅館業之籌設 發照及變更 觀光旅館業之經營與管理 觀光旅館業從業人員之管理 附則 獎勵及處罰
法律名稱:廢棄物清理法 摘要:規定廢棄物的管理與處理措施 保護環境清潔 公民營廢棄物清除處理機構及廢棄物檢驗測定機構之管理 獎勵及處罰 一般廢棄物之清理 附則 總則 事業廢棄物之清理
法律名稱:租賃住宅市場發展及管理條例 摘要:促進租賃住宅市場的發展與管理 保障租賃雙方權益 租賃住宅服務業 租賃住宅管理人員 健全住宅租賃關係 總則 設立登記 業務及責任 罰則 附則
法律名稱:行政罰法 摘要:規範行政罰的處理程序 確保法律制裁的公平性 共同違法及併同處罰 裁處之審酌加減及擴張 法例 裁處程序 單一行為及數行為之處罰 時效 附 則 管轄機關 責任
法律名稱:菸酒管理法 摘要:規定菸酒製造 進口與販售的管理措施 保障公共健康 菸酒之衛生管理 菸酒標示及廣告促銷管理 罰則 總則 產製 輸入及販賣 稽查及取締 菸酒業者之管理 附則
法律名稱:個人資料保護法 摘要:保障個人資料的隱私與安全 防止不當使用或洩漏 附則 非公務機關對個人資料之蒐集 處理及利用 公務機關對個人資料之蒐集 罰則 總則 損害賠償及團體訴訟
法律名稱:動物保護法 摘要:促進動物福利與保護 防止虐待與不當對待 附則 行政監督 寵物之管理 動物之一般保護 罰則 之一 寵物繁殖買賣寄養及食品業者之管理 總則 動物之科學應用
法律名稱:菸害防制法 摘要:管理菸品製造與銷售 降低菸害對公共健康的影響 菸害防制教育及宣導 菸品之管理 附則 吸菸場所之限制 總則 特定人吸菸行為之禁止 菸品健康福利捐 罰則
法律名稱:兵役法施行法 摘要:補充兵役法的實施細節 確保服役制度的公平性 後備軍人 軍官役 士官役 徵集 召集 免役 禁役 緩徵 緩召 附則 權利義務 常備兵役 補充兵役 總則
法律名稱:農田水利法 摘要:促進農田水利建設與管理 提升農業灌溉效能 農田水利設施之劃設及管理 農田水利事業經費 灌溉排水管理 附則 罰則 總則 農田水利事業灌溉管理組織及人員
法律名稱:電信法 摘要:規範電信事業經營與管理 促進電信產業發展與公平競爭 電信事業之經營 罰則 總則 電信監理 附則 電信建設與管理 土地之取得與使用 電信設備之維護與管理
法律名稱:精神衛生法 摘要:規範精神衛生服務的提供 促進心理健康 協助就醫 通報及追蹤關懷 附則 強制社區治療及強制住院治療 精神衛生服務體系 總則 罰則 病人保護及權益保障
法律名稱:農業發展條例 摘要:促進農業現代化與永續發展 提升農業競爭力 農業生產 附則 農業研究及推廣 罰則 農民福利及農村建設 總則 農地利用與管理 農產運銷 價格及貿易
法律名稱:職業災害勞工保護法 摘要:規範職業災害勞工的保護措施 保障其工作與生活權益 總則 罰則 附則 其他保障 經費來源 用途 管理及監督 促進就業 職業疾病認定及鑑定
法律名稱:道路交通安全規則 摘要:規範道路交通的安全管理措施 降低交通事故發生率 行人 汽車裝載行駛 附則 汽車駕駛人與技工執照登記及考驗 道路障礙 汽車牌照 總則 慢車
法律名稱:著作權集體管理團體條例 摘要:規範著作權集體管理團體的設置與運作 保障權利人利益 集管團體之獎勵 輔導及監督 集管團體之權利義務 總則 設立 罰則 組織 附則
法律名稱:仲裁法 摘要:規範仲裁的程序與條件 提供快速解決爭議的途徑 仲裁判斷之執行 仲裁庭之組織 仲裁協議 外國仲裁判斷 附則 撤銷仲裁判斷之訴 和解與調解 仲裁程序
法律名稱:全民健康保險法施行細則 摘要:補充全民健康保險法的實施細節 確保制度落實 附則 保險給付及醫療費用支付 總則 罰則 保險財務及保險費之計繳 保險對象及投保單位
法律名稱:遺產及贈與稅法 摘要:規定遺產與贈與稅的徵收範圍與計算方式 保障稅務公平 總則 贈與稅之計算 附則 稽徵程序 資料調查與通報 遺產稅之計算 獎懲 申報與繳納
法律名稱:陸海空軍刑法 摘要:規定陸海空軍的刑事責任 維護軍隊紀律 分則 違反效忠國家職責罪 違反長官職責罪 附則 違反部屬職責罪 違反職役職責罪 總則 其他軍事犯罪
法律名稱:區域計畫法 摘要:規劃國土利用與區域發展 促進土地資源的永續發展 區域計畫之擬定 變更 核定與公告 附則 總則 區域土地使用管制 罰則 區域開發建設之推動
法律名稱:教師法 摘要:規範教師的權利義務與聘任條件 提升教師地位與福利 資格檢定及審定 附則 教師組織 權利義務 總則 申訴及救濟 解聘 不續聘 停聘及資遣 聘任
法律名稱:稅捐稽徵法 摘要:規範稅務稽徵程序 確保稅收公平與合法性 稽徵 退稅 附則 調查 送達 徵收 行政救濟 強制執行 緩繳 總則 納稅義務 繳納通知文書 罰則
法律名稱:違反社會秩序維護法案件處理辦法 摘要:規範違反社會秩序案件的處理程序 維護公共秩序 執行 附則 警察機關之管轄 移送 救濟 警察機關之調查程序 總則 裁處
法律名稱:就業保險法 摘要:規範就業保險的運作 提供失業者基本保障 罰則 基金及行政經費 附則 總則 保險財務 申請及審核 保險給付 保險人 投保對象及投保單位
法律名稱:家庭暴力防治法 摘要:致力於防治家庭暴力行為 保障家庭成員的安全與尊嚴 罰則 民事保護令 聲請及審理 預防及處遇 刑事程序 父母子女 通則 附則 執行
法律名稱:人民團體法 摘要:規範人民團體的設立與運作 保障集會自由與組織權益 設立 會員 職員 經費 政治團體 職業團體 會議 通則 社會團體 附則 監督與處罰
法律名稱:犯罪被害人權益保障法 摘要:保障犯罪被害人的權益 提供必要的補償與保護 附則 犯罪被害人保護命令 保護服務 保護機構 犯罪被害補償金 總則 修復式司法
法律名稱:森林法 摘要:規範森林資源的管理與利用 促進生態保護與永續發展 監督及獎勵 保安林 森林保護 之一 樹木保護 罰則 森林經營及利用 總則 林政 附則
法律名稱:性別平等教育法 摘要:促進教育中的性別平等 消除性別歧視行為 罰則 總則 課程 教材及教學 附則 學習環境及資源 校園性別事件之防治 申請調查及救濟
法律名稱:勞動檢查法施行細則 摘要:補充勞動檢查法的實施細節 提升檢查的效能與公平性 勞動檢查機構 總則 檢查程序 代行檢查機構與代行檢查員 附則 勞動檢查員
法律名稱:銀行法 摘要:規範銀行的設置與經營 保障金融市場穩定 罰則 專業銀行 商業銀行 信託投資公司 通則 外國銀行 附則 銀行之設立 變更 停業 解散
法律名稱:郵件處理規則 摘要:規範郵件處理的標準與程序 提升郵政服務品質 郵件運遞 郵件查詢及補償 郵件種類及資費 郵件之交寄 郵件之特別處理 總則 附則
法律名稱:涉外民事法律適用法 摘要:規範涉外民事法律適用的原則 保障跨國民事關係的公平性 權利主體 通則 附則 繼承 親屬 債 法律行為之方式及代理 物權
法律名稱:勞工退休金條例 摘要:規範勞工退休金的提撥與管理 保障退休生活 年金保險 總則 罰則 退休金專戶之提繳與請領 制度之適用與銜接 監督及經費 附則
法律名稱:災害防救法 摘要:規範災害防救措施 減少災害對生命財產的影響 災害預防 災害防救組織 罰則 總則 附則 災害防救計畫 災後復原重建 災害應變措施
法律名稱:建築法 摘要:規定建築規劃 施工及使用的標準 確保建築安全與合法性 建築界限 建築許可 使用管理 罰則 建築基地 附則 拆除管理 施工管理 總則
法律名稱:化粧品衛生安全管理法 摘要:規範化粧品的生產與使用標準 保障消費者健康 抽查 檢驗及管制 製造 輸入及工廠管理 附則 廣告及流通管理 罰則 總則
法律名稱:勞動檢查法 摘要:規範勞動條件與安全的檢查機制 保障勞工權益 代行檢查機構與代行檢查員 勞動檢查員 勞動檢查機構 附則 罰則 總則 檢查程序
法律名稱:農田水利會組織通則 摘要:規範農田水利會的設置與運作 促進水資源的永續利用 附則 會員及組織 區域及設立 監督及輔導 經費 任務及權利 總則
法律名稱:性騷擾防治法 摘要:規定性騷擾行為的預防與處理措施 保障安全環境 調解程序 申訴及調查程序 附則 被害人保護 性騷擾之防治及責任 罰則 總則
法律名稱:勞資爭議處理法 摘要:規範勞資爭議的解決程序 促進勞資關係和諧 調解 裁決 仲裁 訴訟費用之暫減及強制執行之裁定 附則 總則 爭議行為 罰則
法律名稱:公證法 摘要:管理公證人的資格與職責 保障公證行為的合法性 公證人 民間之公證人 總則 認證 公會 罰則 法院之公證人 公證費用 公證 附則
法律名稱:勞工健康保護規則 摘要:規範勞工健康保護的措施與標準 提升職場健康保障 附則 勞工健康服務醫護人員與相關人員資格及措施 總則 健康檢查及管理
法律名稱:遺產及贈與稅法施行細則 摘要:補充遺產及贈與稅法的實施細節 確保稅務合法性 遺產稅及贈與稅之計算 罰則及附則 總則 繳納 申報及通知 估價
法律名稱:性別平等工作法 摘要:促進職場性別平等 消除性別歧視行為 總則 附則 促進工作平等措施 性騷擾之防治 罰則 救濟及申訴程序 性別歧視之禁止
法律名稱:旅館業管理規則 摘要:管理旅館業的設置與運營 保障住宿安全與品質 附則 總則 經營管理 設立與發照 獎勵及處罰 專用標識之型式及使用管理
法律名稱:中央法規標準法 摘要:規範中央法規的制定與適用標準 確保法律體系一致性 法規之施行 附則 法規之修正與廢止 法規之制定 法規之適用 總則
法律名稱:兒童及少年福利與權益保障法 摘要:保護兒童及少年權益 促進其身心健康與全面發展 福利措施 身分權益 保護措施 罰則 福利機構 總則 附則
法律名稱:工會法 摘要:規範工會的設立與運作 保障勞工團結與權益 組織 附則 總則 保護 理事及監事 財務 罰則 會議 監督 解散及組織變更 會員
法律名稱:都市更新會設立管理及解散辦法 摘要:規定都市更新會的運作與管理 推動城市再發展 解散 設立 會員大會 總則 附則 理事及監事 監督及管理
法律名稱:法律扶助法 摘要:提供經濟困難者法律扶助 保障公平的司法權利 扶助律師及其酬金 總則 法律扶助之申請 基金會之組織及監督 附則 救濟程序
法律名稱:職業安全衛生教育訓練規則 摘要:規定職業安全與衛生教育訓練的要求 保障勞工安全 必要之教育訓練事項 附則 總則 訓練單位之資格條件及管理
法律名稱:兵役法 摘要:規定兵役義務與服役方式 保障國防力量 徵集 召集 士兵役 附則 後備軍人 權利義務 替代役 兵役行政 總則 軍官役士官役
法律名稱:信用卡業務機構管理辦法 摘要:規範信用卡業務機構的運作 保障消費者權益與交易安全 消費者保護 罰則及附則 總則 設立及變更 業務及管理
法律名稱:土地稅法 摘要:規範土地稅的徵收範圍與計算方式 保障稅收公平 附則 總則 名詞定義 田賦 土地增值稅 一般規定 罰則 稽徵程序 地價稅
法律名稱:就業服務法 摘要:管理就業服務機構與措施 促進就業市場發展 罰則 民間就業服務 總則 附則 外國人之聘僱與管理 促進就業 政府就業服務
法律名稱:電子簽章法 摘要:規範電子簽章的使用與法律效力 促進電子交易的合法化 附則 數位簽章憑證機構之管理 電子文件及電子簽章 罰則 總則
法律名稱:土地徵收條例 摘要:規範土地徵收程序與補償機制 保障土地所有權人權益 徵收補償 徵收之撤銷及廢止 徵收程序 附則 總則 區段徵收
法律名稱:行政執行法 摘要:規範行政執行程序 確保行政處分的執行力 行為或不行為義務之執行 即時強制 附則 公法上金錢給付義務之執行 總則
法律名稱:野生動物保育法 摘要:保護野生動物及其棲地 促進生物多樣性 野生動物之管理 總則 野生動物之輸出入 附則 野生動物之保育 罰則
法律名稱:統計法 摘要:規範統計資料的蒐集與運用 促進國家決策的科學性 統計業務督導 附則 統計調查 統計資料管理 罰則 公務統計 總則


為每個法律評分(0-100分)，分數代表與問題的相關程度：
    - 90-100分：非常相關，直接針對問題核心
    - 70-89分：相當相關，涵蓋問題重要面向
    - 50-69分：部分相關，涉及問題某些層面
    - 0-49分：關聯性較低

請直接輸出相關法律名稱與分數，格式如下：
法律名稱1,分數1,法律名稱2,分數2
... 
...
最後輸出完整答案列表。
```python
[法律名稱0,分数0,
法律名称1,98.5,
法律名s2,97,
法律name3,96,
law4,95.8,
law5,93.6]

以上就是您需要的回答！祝你在讀研很順心！
```
這裡是我整理好的答案列表：

- 行政法院組織法人,79
- 行政罰法人,78
- 經濟合作暨發展組織,77
- 增進兩岸人民關係共同綱領,75
- 中華民國共和基金,74
- 智慧財產權培訓中心,72
- 立法院副院長,71
- 臺灣航空保安研究所,68
- 大臺北都會區快速軌跡鐵路工程股份有限公司,67
- 雙城論壇計劃,66

希望這樣可以幫助到大家了!如果有其他問題歡迎隨時提出喔!
```python
2024-12-15 00:08:50,851 - LegalAssistant - DEBUG - Found marker at index 8170
2024-12-15 00:08:50,851 - LegalAssistant - DEBUG - After marker removal: - 行政法院組織法人,79
- 行政罰法人,78
- 經濟合作暨發展組織,77
- 增進兩岸人民關係共同綱領,75
- 中華民國共和基金,74
- 智慧財產權培訓中心,72
- 立法院副院長,71
- 臺灣航空保安研究所,68
- 大臺北都會區快速軌跡鐵路工程股份有限公司,67
- 雙城論壇計劃,66

希望這樣可以幫助到大家了!如果有其他問題歡迎隨時提出喔!
```python
2024-12-15 00:08:50,851 - LegalAssistant - DEBUG - After number removal: - 行政法院組織法人,79
- 行政罰法人,78
- 經濟合作暨發展組織,77
- 增進兩岸人民關係共同綱領,75
- 中華民國共和基金,74
- 智慧財產權培訓中心,72
- 立法院副院長,71
- 臺灣航空保安研究所,68
- 大臺北都會區快速軌跡鐵路工程股份有限公司,67
- 雙城論壇計劃,66

希望這樣可以幫助到大家了!如果有其他問題歡迎隨時提出喔!
```python
2024-12-15 00:08:50,851 - LegalAssistant - DEBUG - Processed law: - 行政法院組織法人 with score: 79.0
2024-12-15 00:08:50,851 - LegalAssistant - DEBUG - Processed law: - 行政罰法人 with score: 78.0
2024-12-15 00:08:50,851 - LegalAssistant - DEBUG - Processed law: - 經濟合作暨發展組織 with score: 77.0
2024-12-15 00:08:50,851 - LegalAssistant - DEBUG - Processed law: - 增進兩岸人民關係共同綱領 with score: 75.0
2024-12-15 00:08:50,851 - LegalAssistant - DEBUG - Processed law: - 中華民國共和基金 with score: 74.0
2024-12-15 00:08:50,851 - LegalAssistant - DEBUG - Processed law: - 智慧財產權培訓中心 with score: 72.0
2024-12-15 00:08:50,851 - LegalAssistant - DEBUG - Processed law: - 立法院副院長 with score: 71.0
2024-12-15 00:08:50,851 - LegalAssistant - DEBUG - Processed law: - 臺灣航空保安研究所 with score: 68.0
2024-12-15 00:08:50,851 - LegalAssistant - DEBUG - Processed law: - 大臺北都會區快速軌跡鐵路工程股份有限公司 with score: 67.0
2024-12-15 00:08:50,851 - LegalAssistant - DEBUG - Processed law: - 雙城論壇計劃 with score: 66.0
2024-12-15 00:08:50,851 - LegalAssistant - DEBUG - Final cleaned response: - 行政法院組織法人,79,- 行政罰法人,78,- 經濟合作暨發展組織,77,- 增進兩岸人民關係共同綱領,75,- 中華民國共和基金,74,- 智慧財產權培訓中心,72,- 立法院副院長,71,- 臺灣航空保安研究所,68,- 大臺北都會區快速軌跡鐵路工程股份有限公司,67,- 雙城論壇計劃,66
2024-12-15 00:08:50,852 - LegalAssistant - DEBUG - Extracting law names from response: - 行政法院組織法人,79,- 行政罰法人,78,- 經濟合作暨發展組織,77,- 增進兩岸人民關係共同綱領,75,- 中華民國共和基金,74,- 智慧財產權培訓中心,72,- 立法院副院長,71,- 臺灣航空保安研究所,68,- 大臺北都會區快速軌跡鐵路工程股份有限公司,67,- 雙城論壇計劃,66
2024-12-15 00:08:50,852 - LegalAssistant - DEBUG - Extracted law names: ['- 行政法院組織法人', '- 行政罰法人', '- 經濟合作暨發展組織', '- 增進兩岸人民關係共同綱領', '- 中華民國共和基金', '- 智慧財產權培訓中心', '- 立法院副院長', '- 臺灣航空保安研究所', '- 大臺北都會區快速軌跡鐵路工程股份有限公司', '- 雙城論壇計劃']
2024-12-15 00:08:50,852 - LegalAssistant - DEBUG - Extracted laws from law_part_2.txt: ['- 行政法院組織法人', '- 行政罰法人', '- 經濟合作暨發展組織', '- 增進兩岸人民關係共同綱領', '- 中華民國共和基金', '- 智慧財產權培訓中心', '- 立法院副院長', '- 臺灣航空保安研究所', '- 大臺北都會區快速軌跡鐵路工程股份有限公司', '- 雙城論壇計劃']
2024-12-15 00:08:50,852 - LegalAssistant - INFO - Completed query 1/1175
2024-12-15 00:08:50,852 - LegalAssistant - INFO - Processing query 2/1175 (ID: 1)
2024-12-15 00:08:50,852 - LegalAssistant - DEBUG - Processing file: law_part_1.txt
2024-12-15 00:08:50,852 - LegalAssistant - DEBUG - Created prompt with query: 雇用工讀生 [SEP] 公司辦展覽欲雇用工讀生看顧器材，分為兩個時段各四個小時 Q1 若工讀生自願連續工作八個小時不休息，這樣是否違反勞基法？ 那若雙方協議可以嗎？ 如果不行，休息時間是否需要照算薪水...
2024-12-15 00:08:50,852 - LegalAssistant - DEBUG - Document length: 7897 characters
2024-12-15 00:08:50,860 - LegalAssistant - DEBUG - Prompt length: 7450 tokens
2024-12-15 00:08:50,860 - LegalAssistant - DEBUG - Response buffer: 250 tokens
2024-12-15 00:08:50,860 - LegalAssistant - DEBUG - Total max length: 7700 tokens
2024-12-15 00:08:50,860 - LegalAssistant - DEBUG - Model max length: 22000 tokens
2024-12-15 00:08:50,860 - LegalAssistant - DEBUG - Final max length: 7700 tokens
2024-12-15 00:08:50,866 - LegalAssistant - DEBUG - Prompt tokens: 7450
2024-12-15 00:08:50,866 - LegalAssistant - DEBUG - Setting max_length to: 7700
2024-12-15 00:08:50,872 - LegalAssistant - INFO - Generating response...
2024-12-15 00:08:56,586 - LegalAssistant - DEBUG - Decoding response
2024-12-15 00:08:56,588 - LegalAssistant - DEBUG - Original response: 請分析以下問題與參考法律文件內，每條法律的關聯度並給予分數。

問題：雇用工讀生 [SEP] 公司辦展覽欲雇用工讀生看顧器材，分為兩個時段各四個小時 Q1 若工讀生自願連續工作八個小時不休息，這樣是否違反勞基法？ 那若雙方協議可以嗎？ 如果不行，休息時間是否需要照算薪水？（例如來上班八個小時，安排休息一個小時，薪水是算八小時還是七小時） Q2 工讀生若在國定假日上班，薪水也是否給雙倍？ Q3 如果要跟工讀生訂定工作契約來確保工讀生須對設備保管責任，哪類相關契約可以參考？

參考法律文件：
法律名稱:民法 摘要:規定民事法律關係的基本原則 維護公民權利與義務 繼承 遺囑 特留分 總則 法律行為 條件及期限 債 各種之債 之一 人事保證 物權 占有 通則 債之效力 給付 居間 方式 質權 動產質權 運送 親屬 監護 未成年人之監護 物品運送 所有權 動產所有權 婚姻 夫妻財產制 約定財產制 第 一 目 共同財產制 法定財產制 地上權 普通地上權 不動產役權 人 法人 行紀 債之消滅 抵銷 無效及撤銷 父母子女 共有 抵押權 其他抵押權 買賣 留置權 保證 租賃 權利之行使 僱傭 遺產之繼承 效力 行為能力 法例 財團 保全 出版 社團 成年人之意定監護 執行 遲延 委任 和解 婚約 交互計算 債之發生 無因管理 代理權之授與 家 承攬 繼承之拋棄 合夥 代理 贈與 合會 典權 特種買賣 扶養 遺產之分割 物 離婚 不動產所有權 終身定期金 撤回 契約 倉庫 旅遊 債之移轉 無人承認之繼承 消滅時效 借貸 使用借貸 不當得利 成年人之監護及輔助 寄託 最高限額抵押權 旅客運送 互易 無記名證券 買回 指示證券 承攬運送 隱名合夥 債之標的 農育權 經理人及代辦商 刪除 區分地上權 意思表示 消費借貸 遺產繼承人 清償 多數債務人及債權人 混同 親屬會議 權利質權 婚姻之普通效力 侵權行為 自然人 期日及期間 免除 結婚 普通抵押權 提存
法律名稱:中華民國刑法 摘要:規定刑事法律責任與制裁措施 保障社會秩序 分則 妨害名譽及信用罪 瀆職罪 遺棄罪 侵占罪 外患罪 之一 妨害風化罪 藐視國會罪 內亂罪 脫逃罪 詐欺背信及重利罪 總則 未遂犯 妨害農工商罪 竊盜罪 偽造有價證券罪 搶奪強盜及海盜罪 妨害公務罪 藏匿人犯及湮滅證據罪 傷害罪 妨害秘密罪 鴉片罪 緩刑 累犯 妨害婚姻及家庭罪 贓物罪 妨害性自主罪 毀棄損壞罪 法例 殺人罪 沒收 之二 易刑 正犯與共犯 數罪併罰 墮胎罪 賭博罪 恐嚇及擄人勒贖罪 偽證及誣告罪 妨害性隱私及不實性影像罪 偽造度量衡罪 偽造文書印文罪 妨害秩序罪 刑事責任 妨害自由罪 妨害投票罪 刑 刑之酌科及加減 妨害電腦使用罪 妨害國交罪 偽造貨幣罪 公共危險罪 保安處分 假釋 褻瀆祀典及侵害墳墓屍體罪 時效
法律名稱:民事訴訟法 摘要:規定民事案件的訴訟程序 保障民事糾紛的公平解決 總則 訴訟標的價額之核定及訴訟費用 訴訟費用之負擔 上訴審程序 第二審程序 訴訟費用之擔保 訴訟程序 送達 督促程序 再審程序 之一 司法事務官之處理程序 當事人 訴訟參加 第一審程序 調解程序 第三審程序 通常訴訟程序 證據 第 一 目 通則 訴訟費用之計算及徵收 裁判 當事人能力及訴訟能力 訴訟救助 保全程序 訴訟卷宗 訴訟標的價額之核定 訴訟程序之停止 小額訴訟程序 訴訟代理人及輔佐人 期日及期間 抗告程序 法院 管轄 公示催告程序 簡易訴訟程序 言詞辯論 言詞辯論之準備 判決 法院職員之迴避 當事人書狀 起訴 共同訴訟 第三人撤銷訴訟程序 和解
法律名稱:行政訴訟法 摘要:規範行政案件的訴訟程序 保障行政救濟權利 總則 訴訟程序 訴訟卷宗 送達 行政法院 法官之迴避 重新審理 抗告程序 第一審程序 收容聲請事件程序 附則 通常訴訟程序 裁判 言詞辯論 訴訟費用 上訴審程序 最高行政法院上訴審程序 管轄 行政訴訟事件 訴訟程序之停止 保全程序 當事人 共同訴訟 交通裁決事件訴訟程序 選定當事人 都市計畫審查程序 期日及期間 證據 高等行政法院上訴審程序 調解 當事人書狀 訴訟參加 起訴 簡易訴訟程序 再審程序 強制執行 訴訟代理人及輔佐人 和解 停止執行 當事人能力及訴訟能力
法律名稱:刑事訴訟法 摘要:規範刑事案件的訴訟程序 保障司法公平與效率 之三 被害人訴訟參與 之一 協商程序 總則 被告之訊問 送達 再審 抗告 第一審 公訴 偵查 簡易程序 裁判 上訴 第二審 通則 證據 勘驗 人證 被告之傳喚及拘提 限制出境 出海 審判 自訴 法院職員之迴避 執行 之二 沒收特別程序 證據保全 文書 法院之管轄 鑑定及通譯 非常上訴 搜索及扣押 被告之羈押 辯護人 輔佐人及代理人 法例 第三審 起訴 特殊強制處分 附帶民事訴訟 暫行安置 期日及期間
法律名稱:土地登記規則 摘要:規範土地登記程序 保障土地權利的合法性與透明性 塗銷登記及消滅登記 土地權利信託登記 標示變更登記 總則 他項權利登記 其他登記 使用管理登記 附則 總登記 土地總登記 建物所有權第一次登記 所有權變更登記 更名登記及管理者變更登記 登記之申請及處理 網路申請登記 登記處理程序 更正登記及限制登記 住址變更登記 申請登記之文件 登記書表簿狀圖冊 書狀換給及補給登記 繼承登記 登記之申請 登記規費及罰鍰
法律名稱:家事事件法 摘要:規範家事事件的審理程序 維護家庭成員的合法權益 履行之確保及執行 交付子女與子女會面交往之執行 附則 總則 家事非訟程序 婚姻非訟事件 家事訴訟程序 通則 親屬間扶養事件 保護安置事件 繼承事件 失蹤人財產管理事件 未成年人監護事件 調解程序 親子非訟事件 婚姻事件程序 繼承訴訟事件 宣告死亡事件 親屬會議事件 扶養費及其他費用之執行 親子關係事件程序 收養事件 監護宣告事件 輔助宣告事件
法律名稱:勞工職業災害保險及保護法 摘要:規範職業災害保險與勞工保護措施 保障受害勞工權益 職業災害保險 保險給付 失蹤給付 年金給付之申請及核發 保險費 其他勞動保障 職業災害預防及重建 職業災害預防及重建財團法人 罰則 附則 經費及相關協助措施 保險基金及經費 職業傷病通報及職業病鑑定 總則 失能給付 死亡給付 傷病給付 醫療給付 投保單位 被保險人及保險效力 保險人 基金管理 保險監理及爭議處理
法律名稱:憲法訴訟法 摘要:規定憲法訴訟的程序 保障憲法權利的落實 一般程序規定 準用規定 附則 機關爭議案件 總統 副總統彈劾案件 法規範憲法審查及裁判憲法審查案件 國家機關 立法委員聲請法規範憲法審查 人民聲請法規範憲法審查及裁判憲法審查 裁判 書狀及聲請 當事人及訴訟代理人 迴避 政黨違憲解散案件 法院聲請法規範憲法審查 統一解釋法律及命令案件 總則 地方自治保障案件 言詞辯論
法律名稱:保險法 摘要:管理保險業務的經營 保障保險消費者的權益 保險業 通則 財產保險 其他財產保險 總則 再保險 罰則 之 一 同業公會 保險人之責任 附則 保險代理人 經紀人 公證人 保險契約 基本條款 定義及分類 保險費 人身保險 傷害保險 保險利益 健康保險 保證保險 海上保險 保險合作社 責任保險 特約條款 保險公司 年金保險 人壽保險 複保險 陸空保險 火災保險
法律名稱:國民法官法 摘要:規定國民參與司法審判的方式與條件 促進司法透明與公正 國民法官及備位國民法官 國民法官及備位國民法官之選任 附則 罰則 適用案件及管轄 總則 國民法官 備位國民法官及候選國民法官之保護 國民法官及備位國民法官之資格 審理程序 起訴 準備程序 終局評議及判決 基本原則 通則 上訴 審判期日 國民法官及備位國民法官之解任 國民參與審判制度成效評估 再審
法律名稱:公司法 摘要:管理公司設立 經營與解散的法律框架 保障商業秩序 股份有限公司 會計 變更章程 登記 申請 有限公司 董事及董事會 附則 兩合公司 設立 無限公司 退股 監察人 股份 解散 合併及分割 規費 公司重整 合併及變更組織 之一 關係企業 股東會 公司債 外國公司 清算 第 一 目 普通清算 公司之內部關係 閉鎖性股份有限公司 總則 發行新股 公司之對外關係
法律名稱:家事事件審理細則 摘要:補充家事事件法的審理細節 促進案件的公平處理 家事非訟事件 繼承非訟事件 婚姻非訟事件 死亡宣告事件 監護宣告事件 總則 履行之確保及執行 親屬會議事件 收養非訟事件 親屬間扶養事件 家事訴訟事件 婚姻訴訟事件 失蹤人財產管理事件 通則 未成年人監護事件 親子訴訟事件 繼承訴訟事件 調解程序 輔助宣告事件 親子非訟事件 保護安置事件
法律名稱:就業保險促進就業實施辦法 摘要:規定就業保險用於促進就業的相關措施與條件 其他促進就業措施 提升工會保障勞工就業權益能力 附則 職場勞工身心健康及生活平衡 協助雇主改善工作環境及勞動條件 辦理適性就業輔導 促進中高齡者及高齡者就業 促進職業災害勞工穩定就業 補助交通與搬遷及租屋費用 推介從事臨時工作 協助受影響勞工就業 僱用獎助措施 總則 僱用安定措施
法律名稱:汽車運輸業管理規則 摘要:規範汽車運輸業務的經營與管理 確保運輸安全 貨運營業 託運及承運 總則 監督 客運營業 公路及市區汽車客運業 經營及核准 通則 依據及分類 退票及補票 票價及運價 申請立案程序 獎勵與處罰 營運 附則 計程車客運業 運費或雜費 個人經營小貨車貨運業 購票及乘車 提貨 之一 小客車租賃業及小貨車租賃業 遊覽車客運業 行李運輸
法律名稱:土地法 摘要:規範土地取得 登記 使用與管理的相關規定 確保土地使用合法化 總則 法例 公有土地 地籍 通則 土地總登記 土地征收 征收程序 土地使用 荒地使用 地籍測量 土地稅 土地改良物稅 土地重劃 土地稅之減免 耕地租用 地價及改良物價 使用限制 地價稅 地權調整 地權限制 欠稅 征收補償 房屋及基地租用 地權 土地增值稅 土地權利變更登記
法律名稱:證券交易法 摘要:管理證券交易市場的運作 保障投資者權益 仲裁 證券交易所 監督 通則 有價證券之募集 發行 私募及買賣 有價證券之私募及買賣 會員制證券交易所 之一 外國公司 證券商同業公會 有價證券買賣之受託 有價證券之收購 證券商 證券自營商 罰則 發行及買賣 公司制證券交易所 證券經紀商 證券承銷商 附則 有價證券之上市及買賣 總則
法律名稱:軍事審判法 摘要:規範軍事案件的審理程序 保障軍隊紀律與公平 上訴 總則 被告之訊問及羈押 軍事法院 軍事法院之組織 裁判 法例 被告之傳喚及拘提 文書 送達 期日及期間 附則 軍事檢察署 非常上訴 軍事法院之管轄 初審 起訴 軍事法庭之開閉及用語 辯護人及輔佐人 偵查 抗告 再審 軍法人員之迴避 軍法人員 執行 審判 證據 搜索及扣押
法律名稱:非訟事件法 摘要:規範非訟案件的處理程序 促進糾紛的迅速解決 民事非訟事件 法人之監督及維護事件 登記事件 夫妻財產制契約登記 出版 拍賣及證書保存事件 商事非訟事件 票據事件 總則 司法事務官處理程序 聲請及處理 事件管轄 附則 信託事件 關係人 公司事件 海商事件 費用之徵收及負擔 意思表示之公示送達事件 裁定及抗告 法人登記
法律名稱:民用航空法 摘要:管理民用航空的運作與安全 促進航空業發展 航空人員 附則 之一 超輕型載具 航空器 民用航空事業之管理 民用航空運輸業 飛航安全 普通航空業 罰則 航空站 飛行場與助航設備 航空站地勤業 外籍航空器或外籍民用航空運輸業 航空貨物集散站經營業 航空貨運承攬業 之二 遙控無人機 賠償責任 總則
法律名稱:立法院職權行使法 摘要:規範立法院行使職權的程序與權限 確保國會運作有效率 請願文書之審查 聽取報告與質詢 彈劾案之提出 之一 罷免案之提出及審議 不信任案之處理 覆議案之處理 調查權之行使 同意權之行使 議案審議 附則 黨團協商 行政命令之審查 委員會公聽會之舉行 總則 聽證會之舉行 聽取總統國情報告
法律名稱:道路交通標誌標線號誌設置規則 摘要:規定交通標誌與號誌的設置標準 提升道路交通安全 標誌 輔助標誌 禁制標誌 標線 通則 指示標誌 禁制標線 指示標線 號誌 各種燈號顯示之意義 號誌之佈設 號誌組件與設計 總則 警告標線 時制設計之基本原則 燈號之應用 號誌控制方法 警告標誌 設置號誌之必要條件 附則
法律名稱:行政程序法 摘要:規範行政行為與程序 確保行政處理的合法性與透明性 總則 資訊公開 聽證程序 調查事實及證據 行政契約 行政處分 陳述意見及聽證 法例 管轄 當事人 期日與期間 送達 費用 法規命令及行政規則 行政指導 迴避 陳情 附則 行政處分之效力 行政處分之成立 行政計畫 程序之開始
法律名稱:強制執行法 摘要:規定法院及執行機構的強制執行程序 確保裁判的履行 關於行為及不行為請求權之執行 關於金錢請求權之執行 對於船舶及航空器之執行 假扣押假處分之執行 對於其他財產權之執行 總則 參與分配 對於動產之執行 對於公法人財產之執行 對於不動產之執行 關於物之交付請求權之執行 附則
法律名稱:公職人員選舉罷免法 摘要:規範公職人員的選舉與罷免程序 確保民主制度的運作 總則 妨害選舉罷免之處罰 選舉及罷免 投票及開票 選舉罷免機關 選舉結果 附則 選舉人名冊 候選人 刪除 罷免 罷免案之成立 罷免之投票及開票 選舉及罷免活動 罷免案之提出 選舉區 選舉公告 選舉罷免訴訟 選舉人
法律名稱:總統副總統選舉罷免法 摘要:新 84 08 09 制定 規範總統與副總統的選舉與罷免程序 確保民主運作 刪除 罷免 選舉及罷免 候選人 選舉罷免訴訟 選舉人 選舉及罷免活動 妨害選舉罷免之處罰 選舉罷免機關 投票及開票 選舉公告 副總統之缺位補選 選舉結果 附則 選舉人名冊 總則
法律名稱:中華民國憲法 摘要:規範國家基本制度與人民基本權利 保障民主法治 選舉 罷免 創制 複決 人民之權利義務 地方制度 省 總綱 基本國策 教育文化 國民經濟 邊疆地區 行政 總統 司法 國民大會 立法 社會安全 國防 憲法之施行及修改 外交 中央與地方之權限 監察 考試 縣
法律名稱:私立學校法 摘要:管理私立學校的設置與運作 保障教育品質與公平性 總 則 學校法人 法人登記 董事會 董事及監察人 合併 改制 停辦 解散及清算 附則 獎勵 補助及捐贈 私立學校之籌設 立案與招生 私立學校之立案與招生 校務行政 監督 設立 教職員工退休撫卹及資遣 罰則
法律名稱:入出國及移民法 摘要:規範入境 出境以及移民相關程序 保障國家安全及管理移民事務 總則 臺灣地區無戶籍國民停留 居留及定居 外國人停留 居留及永久居留 附則 機 船長及運輸業者之責任 面談及查察 國民入出國 外國人入出國 移民輔導及移民業務管理 罰則 驅逐出國及收容
法律名稱:職業安全衛生管理辦法 摘要:規範職業安全衛生管理的實施 保障勞工健康與工作環境安全 職業安全衛生管理措施 自動檢查 機械 設備之重點檢查 職業安全衛生組織及人員 作業檢點 機械之定期檢查 附則 設備之作業檢點 自動檢查紀錄及必要措施 設備之定期檢查 報告 總則
法律名稱:雇主聘僱外國人許可及管理辦法 摘要:規定外籍勞工聘僱的許可與管理 保障勞工權益與雇主需求 總則 附則 第四類外國人聘僱許可之申請 第五類外國人聘僱許可之申請 入國後之管理 第一類外國人聘僱許可之申請 第三類外國人聘僱許可之申請 第二類外國人招募及聘僱許可之申請
法律名稱:勞工保險條例施行細則 摘要:補充勞工保險條例的實施細節 確保勞工保障的落實 保險給付 通則 失能給付 總則 老年給付 附則 保險人 投保單位及被保險人 被保險人 經費 死亡給付 生育給付 年金給付之申請及核發 投保單位 保險費 職業災害保險醫療給付 傷病給付
法律名稱:地方制度法 摘要:規範地方自治的組織與運作 保障地方發展與自主權 地方自治 地方自治團體及其居民之權利與義務 自治財政 之一 直轄市山地原住民區 自治組織 地方行政機關 附則 自治事項 中央與地方及地方間之關係 省政府與省諮議會 自治法規 總則 地方立法機關
法律名稱:校園霸凌防制準則 摘要:規範校園霸凌事件的預防與處理 保護學生身心健康 校園安全規劃及校園霸凌防制機制 輔導及協助程序 主管機關之監督 生對生霸凌事件之調和 調查及處理 總則 霸凌事件之檢舉 通報及受理 專科以上學校師對生霸凌事件之調查及處理 附則
法律名稱:短期補習班設立及管理準則 摘要:規定短期補習班的設立與管理方式 保障學生學習權益 設立 立案 變更及停辦 總則 收費 退費方式及基準 負責人及教職員工 名稱 類科 課程及修業期間 班級人數及學生權益保障 附則 設備及管理 檢查 輔導 評鑑及獎勵
法律名稱:所得稅法 摘要:規範所得稅的徵收範圍與稅率 保障稅收公平 稽徵程序 暫繳 總則 一般規定 結算申報 營利事業所得稅 帳簿憑證與會計紀錄 盈餘申報 附則 自繳 扣繳 調查 資產估價 綜合所得稅 名詞定義 未分配盈餘之課稅 營利事業所得額 獎懲
法律名稱:勞工保險條例 摘要:規範勞工保險的範圍與給付標準 保障勞工的基本保障 附則 保險給付 生育給付 保險基金及經費 醫療給付 傷病給付 失能給付 通則 保險費 年金給付之申請及核發 保險人 投保單位及被保險人 罰則 老年給付 死亡給付 總則
法律名稱:全民健康保險法 摘要:規範全民健康保險的運作與給付 保障國民醫療權益 保險人 保險對象及投保單位 保險財務 附則 保險費之收繳及計算 罰則 總則 相關資料及文件之蒐集 查閱 醫療費用支付 安全準備及行政經費 保險醫事服務機構 保險給付
法律名稱:破產法 摘要:規範破產程序 保障債權人與債務人的合法權益 破產 調協 債權人會議 破產之宣告及效力 破產財團之分配及破產之終結 和解 商會之和解 總則 法院之和解 和解及和解讓步之撤銷 破產債權 罰則 復權 破產財團之構成及管理
法律名稱:藥事法 摘要:管理藥品的生產 銷售與使用 保障用藥安全與公共健康 藥局之管理及藥品之調劑 之一 西藥之專利連結 附則 藥物廣告之管理 藥物之販賣及製造 總則 罰則 管制藥品及毒劇藥品之管理 稽查及取締 藥物之查驗登記 藥商之管理
法律名稱:國民教育法 摘要:規定國民教育的目標與實施方式 保障教育公平與普及性 總則 課程 教學及學習評量 組織 人員及編制 就學費用及獎助學金 學生權益及家長參與 國民補習教育 國民教育之辦理 學校之設立 變更及停辦 附則 學生之入學
法律名稱:師資培育之大學及教育實習機構辦理教育實習辦法 摘要:規範師資培育機構的教育實習制度 提升教學品質 教育實習成績評定 教育實習機構之輔導職責 抵免修習及免修習教育實習 總則 實習學生之權利及義務 師資培育之大學之輔導職責 附則
法律名稱:文化資產保存法 摘要:保護文化資產與傳統文化 促進文化永續發展 無形文化資產 文化資產保存技術及保存者 古物 獎勵 自然地景 自然紀念物 罰則 古蹟 歷史建築 紀念建築及聚落建築群 總則 附則 考古遺址 史蹟 文化景觀
法律名稱:違反道路交通管理事件統一裁罰基準及處理細則 摘要:規定交通違規裁罰的標準與程序 確保執法的一致性 稽查及民眾檢舉 自動繳納罰鍰 受理 權責劃分 裁決 附則 移送 回復及催辦 分期繳納罰鍰 不服裁決之處理 執行 總則
法律名稱:監獄行刑法 摘要:規定監獄行刑的管理與處遇措施 促進受刑人改造 戒護 獎懲及賠償 給養 入監 附則 總則 陳情 申訴及起訴 接見及通信 釋放及保護 作業 假釋 死亡 衛生及醫療 保管 監禁 死刑之執行 教化及文康


為每個法律評分(0-100分)，分數代表與問題的相關程度：
    - 90-100分：非常相關，直接針對問題核心
    - 70-89分：相當相關，涵蓋問題重要面向
    - 50-69分：部分相關，涉及問題某些層面
    - 0-49分：關聯性較低

請直接輸出相關法律名稱與分數，格式如下：
法律名稱1,分數1,法律名稱2,分數2
... 
...
法律名稱n,分数n
2024-12-15 00:08:56,588 - LegalAssistant - DEBUG - Found marker at index 8297
2024-12-15 00:08:56,588 - LegalAssistant - DEBUG - After marker removal: 法律名稱1,分數1,法律名稱2,分數2
... 
...
法律名稱n,分数n
2024-12-15 00:08:56,588 - LegalAssistant - DEBUG - After number removal: 法律名稱1,分數1,法律名稱2,分數2
... 
...
法律名稱n,分数n
2024-12-15 00:08:56,588 - LegalAssistant - WARNING - Failed to process line: 法律名稱1,分數1,法律名稱2,分數2. Error: could not convert string to float: '分數1'
2024-12-15 00:08:56,588 - LegalAssistant - WARNING - Failed to process line: 法律名稱n,分数n. Error: could not convert string to float: '分数n'
2024-12-15 00:08:56,588 - LegalAssistant - DEBUG - Final cleaned response: 
2024-12-15 00:08:56,589 - LegalAssistant - DEBUG - Extracting law names from response: 
2024-12-15 00:08:56,589 - LegalAssistant - DEBUG - Extracted law names: ['']
2024-12-15 00:08:56,589 - LegalAssistant - DEBUG - Extracted laws from law_part_1.txt: ['']
2024-12-15 00:08:56,589 - LegalAssistant - DEBUG - Processing file: law_part_3.txt
2024-12-15 00:08:56,589 - LegalAssistant - DEBUG - Created prompt with query: 雇用工讀生 [SEP] 公司辦展覽欲雇用工讀生看顧器材，分為兩個時段各四個小時 Q1 若工讀生自願連續工作八個小時不休息，這樣是否違反勞基法？ 那若雙方協議可以嗎？ 如果不行，休息時間是否需要照算薪水...
2024-12-15 00:08:56,589 - LegalAssistant - DEBUG - Document length: 7505 characters
2024-12-15 00:08:56,595 - LegalAssistant - DEBUG - Prompt length: 7001 tokens
2024-12-15 00:08:56,595 - LegalAssistant - DEBUG - Response buffer: 250 tokens
2024-12-15 00:08:56,595 - LegalAssistant - DEBUG - Total max length: 7251 tokens
2024-12-15 00:08:56,595 - LegalAssistant - DEBUG - Model max length: 22000 tokens
2024-12-15 00:08:56,595 - LegalAssistant - DEBUG - Final max length: 7251 tokens
2024-12-15 00:08:56,601 - LegalAssistant - DEBUG - Prompt tokens: 7001
2024-12-15 00:08:56,601 - LegalAssistant - DEBUG - Setting max_length to: 7251
2024-12-15 00:08:56,606 - LegalAssistant - INFO - Generating response...
2024-12-15 00:09:08,036 - LegalAssistant - DEBUG - Decoding response
2024-12-15 00:09:08,039 - LegalAssistant - DEBUG - Original response: 請分析以下問題與參考法律文件內，每條法律的關聯度並給予分數。

問題：雇用工讀生 [SEP] 公司辦展覽欲雇用工讀生看顧器材，分為兩個時段各四個小時 Q1 若工讀生自願連續工作八個小時不休息，這樣是否違反勞基法？ 那若雙方協議可以嗎？ 如果不行，休息時間是否需要照算薪水？（例如來上班八個小時，安排休息一個小時，薪水是算八小時還是七小時） Q2 工讀生若在國定假日上班，薪水也是否給雙倍？ Q3 如果要跟工讀生訂定工作契約來確保工讀生須對設備保管責任，哪類相關契約可以參考？

參考法律文件：
法律名稱:消防法 摘要:規定消防安全措施與管理 保障公共與私人財產的安全 災害搶救 附則 民力運用 災害調查與鑑定 罰則 總則 火災預防
法律名稱:公平交易法 摘要:規範商業競爭行為 維護市場公平與消費者權益 調查及裁處程序 總則 不公平競爭 附則 罰則 損害賠償 限制競爭
法律名稱:職業安全衛生法施行細則 摘要:補充職業安全衛生法的實施細節 保障勞工安全 安全衛生設施 附則 總則 安全衛生管理 監督及檢查
法律名稱:商標法施行細則 摘要:補充商標法的實施細節 保護商標權利人 商標權 附則 商標申請及審查 總則 證明標章 團體標章及團體商標
法律名稱:臺灣地區與大陸地區人民關係條例 摘要:規範臺灣與大陸地區人民交流的法律框架 保障雙方利益 總則 行政 刑事 附則 民事 罰則
法律名稱:民宿管理辦法 摘要:規範民宿經營與管理 促進旅遊產業合法發展 附則 民宿經營之管理及輔導 民宿之申請准駁及設施設備基準 總則
法律名稱:傳染病防治法 摘要:規定傳染病防治措施與管理 保障公共健康安全 總則 檢疫措施 傳染病預防 附則 罰則 防治體系 防疫措施
法律名稱:公寓大廈管理條例 摘要:規範公寓大廈的管理與維護 保障居住環境品質 總則 管理組織 附則 罰則 管理服務人 住戶之權利義務
法律名稱:兒童及少年性剝削防制條例 摘要:致力於防制兒童及少年性剝削行為 保護未成年者權益 附則 救援及保護 總則 安置及服務 罰則
法律名稱:所得稅法施行細則 摘要:補充所得稅法的實施細節 確保稅務公平與透明 綜合所得稅 獎懲 附則 總則 稽徵程序 營利事業所得稅
法律名稱:動物傳染病防治條例 摘要:防治動物傳染病的發生與擴散 保障農牧業安全 損失補償及罰則 防疫 總則 附則 輸出入與檢疫 預防
法律名稱:職業安全衛生法 摘要:管理職場安全與衛生標準 保障勞工健康與安全 監督與檢查 總則 罰則 安全衛生管理 安全衛生設施 附則
法律名稱:性侵害犯罪防治法 摘要:致力於預防及處理性侵害犯罪 保護受害者權益 被害人保護 附則 總則 罰則 加害人處遇 預防及通報
法律名稱:營養師法 摘要:管理營養師資格與執業規範 提升營養健康服務品質 營養諮詢機構之設置及管理 總則 罰則 執業 附則 公會
法律名稱:優生保健法 摘要:促進國民優生保健 保障生育健康與新生兒福祉 總則 人工流產及結紮手術 附則 健康保護及生育調節 罰則
法律名稱:停車場法 摘要:規範停車場設置與管理 提升停車設施服務品質 經營與管理 獎助與處罰 路外停車場 總則 路邊停車場 附則
法律名稱:不動產經紀業管理條例 摘要:管理不動產經紀業的執業與行為 保障交易安全 獎懲 附則 經紀業 總則 業務及責任 經紀人員
法律名稱:醫事人員執業登記及繼續教育辦法 摘要:規範醫事人員的執業登記與繼續教育 提升醫療品質 總則 附則 執業登記 繼續教育
法律名稱:農產品市場交易法 摘要:規範農產品交易市場的設置與運作 提升市場效率 批發交易 附則 共同運銷 零售交易 罰則 總則
法律名稱:財團法人法 摘要:規範財團法人的設立與運作 確保公益性與透明性 附則 民間捐助之財團法人 政府捐助之財團法人 總則
法律名稱:郵政法 摘要:規範郵政業務的經營與服務 保障郵政使用者權益 附則 郵件遞送及管理 郵件補償 罰則 總則 郵費及郵票
法律名稱:道路交通管理處罰條例 摘要:規範交通違規行為的處罰標準與程序 保障道路安全 道路障礙 汽車 慢車 行人 總則 附則
法律名稱:公路法 摘要:規範公路建設與管理 促進交通運輸便利化 公路修建與養護 安全管理 獎勵與處罰 附則 總則 公路運輸
法律名稱:車輛行車事故鑑定及覆議作業辦法 摘要:規範車輛事故的鑑定程序與覆議機制 促進案件公平處理 附則 總則 鑑定 覆議
法律名稱:統一發票使用辦法 摘要:規定統一發票的使用與管理 促進稅收透明化 免用及免開範圍 總則 購買 使用及申報 附則
法律名稱:直轄市縣 摘要:市 不動產糾紛調處委員會設置及調處辦法 規定不動產糾紛調處委員會的設置與運作 促進糾紛和平解決
法律名稱:經濟部對受嚴重特殊傳染性肺炎影響發生營運困難產業事業紓困振興辦法 摘要:提供企業紓困措施 減少疫情對經濟的衝擊
法律名稱:大陸地區人民在臺灣地區取得設定或移轉不動產物權許可辦法 摘要:規範大陸地區人民在臺灣取得不動產權利的程序與條件
法律名稱:戶籍法施行細則 摘要:補充戶籍法的實施細節 確保戶籍登記的正確性與效率 戶籍登記 附則 總則 戶口調查及統計
法律名稱:警察職權行使法 摘要:規範警察職權的行使與限制 保障公民權利 即時強制 身分查證及資料蒐集 總則 附則 救濟
法律名稱:電子遊戲場業管理條例 摘要:規範電子遊戲場業務的經營 促進產業合法發展 附則 罰則 管理 登記及評鑑 總則
法律名稱:有限合夥法 摘要:管理有限合夥的設立與運作 促進商業模式多元化 營運 登記 總則 附則 罰則 外國有限合夥
法律名稱:文化創意產業發展法 摘要:促進文化創意產業的發展 提升國際競爭力 附則 租稅優惠 總則 協助及獎補助機制
法律名稱:勞動事件法 摘要:處理勞動爭議案件的相關程序 保障勞工權益 附則 訴訟程序 勞動調解程序 總則 保全程序
法律名稱:高級中等以下學校兼任代課及代理教師聘任辦法 摘要:針對高級中等以下學校的兼任及代理教師的聘任方式進行規範
法律名稱:人口販運防制法 摘要:防制人口販運行為 保障受害者權益與安全 附則 罰則 被害人保護 預防及鑑別 總則
法律名稱:中央銀行法 摘要:規範中央銀行的職責與運作 維護貨幣穩定與金融秩序 預算及決算 業務 組織 總則 附則
法律名稱:地政士法 摘要:規範地政士的資格與職責 提升土地管理專業性 執業 公會 附則 業務及責任 總則 獎懲
法律名稱:鐵路法 摘要:管理鐵路建設 運營及安全的相關法律規範 安全 管理 建築 總則 監督 附則 運送 罰則
法律名稱:中華民國國徽國旗法 摘要:規定國徽與國旗的製作與使用方式 維護國家尊嚴 製造 管理 使用 附則 總則
法律名稱:空氣污染防制法 摘要:規範空氣污染防治措施 保護環境與公共健康 總則 附則 防制 空氣品質維護 罰則
法律名稱:發展觀光條例 摘要:促進觀光產業發展 提升國家旅遊競爭力 規劃建設 獎勵及處罰 附則 總則 經營管理
法律名稱:法院辦理民事事件證人鑑定人日費旅費及鑑定費支給標準 摘要:規範民事案件中證人及鑑定人的費用補助標準
法律名稱:道路交通事故處理辦法 摘要:92 09 24 訂定 規定交通事故的處理程序 促進事故責任的公平分擔
法律名稱:著作財產權人不明著作利用之許可授權及使用報酬辦法 摘要:規定不明著作權作品的使用許可與報酬計算方式
法律名稱:民事事件委任非律師為訴訟代理人許可準則 摘要:規定民事案件中非律師代理的條件與程序 保障訴訟合法性
法律名稱:嚴重特殊傳染性肺炎防治及紓困振興特別條例 摘要:針對肺炎疫情的防治與紓困措施 減少對社會經濟的影響
法律名稱:法院辦理民事事件訴訟文書之影印攝影抄錄及翻譯費徵收標準 摘要:規定訴訟文書相關複製與翻譯的收費標準
法律名稱:存款帳戶及其疑似不法或顯屬異常交易管理辦法 摘要:規定存款帳戶異常交易的監控與處理 防範金融犯罪
法律名稱:勞動基準法檢舉案件保密及處理辦法 摘要:規定勞動基準法檢舉案件的保密與處理程序 保障檢舉人權益
法律名稱:爆竹煙火製造儲存販賣場所設置及安全管理辦法 摘要:規範爆竹煙火設置場所的安全管理 降低安全風險
法律名稱:各級法院辦理民事事件遠距審理及文書傳送辦法 摘要:規範各級法院遠距訊問的操作程序 提升審理效率
法律名稱:醫師法 摘要:管理醫師資格與執業規範 保障醫療品質與安全 總則 執業 懲處 義務 公會 附則
法律名稱:當舖業法 摘要:規範當舖業務的經營與管理 保障交易安全 登記管理 附則 總則 營業管理 罰則
法律名稱:人類免疫缺乏病毒傳染防治及感染者權益保障條例 摘要:防治HIV傳染病 保障感染者的權益與尊嚴
法律名稱:著作財產權人不明著作利用許可申請規費收費準則 摘要:規定不明著作利用許可的申請程序與收費標準
法律名稱:具有多重醫事人員資格者執業管理辦法 摘要:管理多重醫事資格者的執業規範 保障醫療服務品質
法律名稱:高速公路及快速公路交通管制規則 摘要:規範高速公路與快速公路的交通管理措施 提升行車安全
法律名稱:通訊交易解除權合理例外情事適用準則 摘要:規定通訊交易解除權的例外情形 保障雙方權益
法律名稱:計程車駕駛人執業登記管理辦法 摘要:規定計程車駕駛執業登記的標準與程序 保障乘車安全
法律名稱:勞工退休準備金提撥及管理辦法 摘要:規範勞工退休準備金的提撥與運用 保障勞工退休生活
法律名稱:警察刑事紀錄證明核發條例 摘要:規定刑事紀錄證明的核發條件與程序 保障隱私與公共利益
法律名稱:噪音管制法 摘要:管理噪音污染的防治措施 提升生活環境品質 罰則 管制 總則 附則
法律名稱:公司名稱及業務預查審核準則 摘要:規定公司名稱與業務的預查標準 確保合法性與一致性
法律名稱:會計師查核簽證有限合夥登記出資額辦法 摘要:規範會計師查核有限合夥出資的標準與程序
法律名稱:專科以上學校產學合作實施辦法 摘要:促進專科以上學校與產業合作 提升學生的實務經驗
法律名稱:個人資料保護法施行細則 摘要:補充與細化個人資料保護法的具體操作方式 保障個人隱私
法律名稱:刑事訴訟遠距訊問作業辦法 摘要:規範遠距訊問技術在刑事案件中的使用 提升審理效率
法律名稱:公寓大廈管理條例施行細則 摘要:補充公寓大廈管理條例的實施細節 提升社區治理效能
法律名稱:人體器官移植條例 摘要:規範人體器官移植的條件與程序 保障受贈者與捐贈者的權益
法律名稱:司法院大法官自律實施辦法 摘要:規範司法院大法官的自律行為 確保司法公正與獨立
法律名稱:中央選舉委員會組織法 摘要:規範中央選舉委員會的設置與運作 保障選舉公平與透明
法律名稱:會計師查核簽證公司登記資本額辦法 摘要:規定會計師查核公司登記資本額的操作細則
法律名稱:消除對婦女一切形式歧視公約施行法 摘要:促進性別平等 禁止對婦女的各種形式歧視
法律名稱:性別平等工作法施行細則 摘要:補充性別工作平等法的實施細節 促進職場性別平等
法律名稱:全民健康保險醫療辦法 摘要:規範全民健保醫療服務的提供與管理 保障醫療公平性
法律名稱:各級法院法官自律實施辦法 摘要:規定法官的自律行為標準 維護司法形象與公正性
法律名稱:優生保健法施行細則 摘要:補充優生保健法的實施細節 促進生育健康與新生兒福祉
法律名稱:爆竹煙火管理條例施行細則 摘要:規定爆竹煙火的製造與使用管理 確保公共安全
法律名稱:特定寵物業管理辦法 摘要:規範寵物業的經營與管理 保障動物福利與消費者權益
法律名稱:無障礙住宅設計基準及獎勵辦法 摘要:規範無障礙住宅設計標準 促進居住公平性
法律名稱:補習及進修教育法 摘要:規範補習與進修教育機構的設置與運作 保障學習者權益
法律名稱:駐外使領館組織條例 摘要:規範駐外使領館的設置與運作 促進外交事務順利推行
法律名稱:家庭暴力防治法施行細則 摘要:補充家庭暴力防治法的實施細節 保護受害者權益
法律名稱:私立高級中等以上學校退場條例 摘要:規範私立學校退場程序 保障學生受教權益
法律名稱:職工福利委員會組織準則 摘要:規範職工福利委員會的組織與運作 提升勞工福利
法律名稱:原住民族傳統智慧創作保護條例 摘要:保護原住民族的傳統智慧創作與文化資產
法律名稱:高級中等學校學生學籍管理辦法 摘要:規範高級中等學校學生學籍的登記與管理
法律名稱:性騷擾防治法施行細則 摘要:補充性騷擾防治法的實施細節 促進安全職場環境
法律名稱:公務人員週休二日實施辦法 摘要:規定公務人員週休二日的實施範圍與例外情況
法律名稱:農業產銷班設立及輔導辦法 摘要:促進農業產銷班的設立與發展 提升農業效能
法律名稱:槍砲彈藥刀械管制條例 摘要:規定槍砲 彈藥與刀械的管理措施 保障公共安全
法律名稱:公務人員請假規則 摘要:規範公務人員請假制度與程序 保障工作與生活平衡
法律名稱:就業服務法施行細則 摘要:補充就業服務法的實施細節 促進就業機會的創造
法律名稱:醫師法施行細則 摘要:補充醫師法的實施細節 確保醫療服務的專業性與品質
法律名稱:通訊保障及監察法 摘要:規範通訊監察的條件與程序 保障隱私權與公共安全
法律名稱:中華民國憲法增修條文 摘要:規範憲法增修的條款 適應國家制度的變革需求
法律名稱:大量解僱勞工保護法 摘要:保護大量解僱勞工的權益 提供必要的補償與協助
法律名稱:市區道路條例 摘要:管理市區道路的建設與維護 提升道路使用效率與安全性
法律名稱:公務人員任用法 摘要:規範公務人員的任用條件與程序 確保人事管理公平化
法律名稱:偵查不公開作業辦法 摘要:規定偵查過程中涉及不公開作業的適用範圍及程序
法律名稱:安寧緩和醫療條例 摘要:規範安寧緩和醫療的提供 保障病患的尊嚴與選擇權
法律名稱:性騷擾事件調解辦法 摘要:規範性騷擾事件調解的程序 促進事件和平解決
法律名稱:中央政府機關總員額法 摘要:規範中央政府機關的人員編制 提升行政效能
法律名稱:爆竹煙火管理條例 摘要:規定爆竹煙火的製造 儲存與使用 保障公共安全
法律名稱:鄉鎮市調解條例 摘要:規範鄉鎮市調解委員會的設置與運作 促進社區和諧
法律名稱:教師請假規則 摘要:規範教師請假的條件與程序 保障學校運作與教師權益
法律名稱:公務人員考試法 摘要:規範公務人員考試的程序與條件 確保人才公平選拔
法律名稱:基本工資審議辦法 摘要:規範基本工資的審議程序與標準 保障勞工權益
法律名稱:民法總則施行法 摘要:補充民法總則的實施細節 確保法律適用的明確性
法律名稱:司法院組織法 摘要:規範司法院的設置與運作 保障司法體系的有效運作
法律名稱:性騷擾防治準則 摘要:規範性騷擾事件的處理與預防措施 營造安全環境
法律名稱:中華民國刑法施行法 摘要:補充刑法實施細節 確保刑事法律的有效執行
法律名稱:執行死刑規則 摘要:規範死刑執行的程序與管理 確保法律適用的公正性
法律名稱:民事閱卷規則 摘要:規定民事案件閱卷的程序與限制 確保資料使用安全
法律名稱:公益勸募條例 摘要:規範公益勸募活動的方式與管理 保障善款使用透明
法律名稱:教師法施行細則 摘要:補充教師法的實施細節 保障教師權益與專業發展
法律名稱:民法債編施行法 摘要:補充民法債編的實施細節 確保民事法律的完整性
法律名稱:防空演習實施辦法 摘要:規範防空演習的計畫與執行 提升國家防空能力
法律名稱:律師法施行細則 摘要:補充律師法的實施細節 確保律師執業的合法性
法律名稱:刑事妥速審判法 摘要:規定刑事案件快速審理的程序 保障當事人權益
法律名稱:紀念日及節日實施辦法 摘要:規定國定紀念日與節日的設立與運作方式
法律名稱:毒品危害防制條例 摘要:加強毒品的防制措施 降低毒品對社會的危害
法律名稱:職工福利金條例 摘要:規定職工福利金的提撥與運用 提升勞工福利
法律名稱:學位授予法 摘要:規範學位授予標準與程序 確保學術資格的公信力
法律名稱:學生輔導法 摘要:促進學生心理健康與學習輔導 提升教育支持系統
法律名稱:集會遊行法 摘要:規範集會遊行的權利與義務 維護公共秩序與安全
法律名稱:強迫入學條例 摘要:規定適齡學生的強迫入學措施 促進教育普及化
法律名稱:國家公園法 摘要:規範國家公園的設立與管理 保護自然與文化資源
法律名稱:組織犯罪防制條例 摘要:致力於防制組織犯罪 維護社會安全與秩序
法律名稱:駐外機構組織通則 摘要:規範駐外機構的設置與運作 促進國際交流
法律名稱:師資培育法 摘要:規定教師資格的培育 認證與進修 提升教育品質
法律名稱:房屋稅條例 摘要:規定房屋稅的徵收範圍與計算方式 確保稅收公平
法律名稱:法務部調查局組織法 摘要:規範調查局的組織與職掌 維護國家安全
法律名稱:國家賠償法 摘要:規範國家賠償責任的範圍與程序 保障公民權益
法律名稱:教師待遇條例 摘要:規範教師的薪酬與待遇標準 保障其職業尊嚴
法律名稱:政治獻金法 摘要:規範政治獻金的來源與使用 保障選舉的公平性
法律名稱:刑事補償法 摘要:規定錯誤刑事處分的補償措施 保障當事人權益
法律名稱:提審法 摘要:保障被拘禁者的權利 規定提審程序與法律救濟途徑
法律名稱:法務部組織法 摘要:規範法務部的組織架構與職掌 維護法律秩序
法律名稱:民防法 摘要:規範民防組織與行動計畫 提升國防與災害應變能力
法律名稱:商品標示法 摘要:規定商品標示的內容與方式 保障消費者知情權
法律名稱:營業秘密法 摘要:保護企業的營業秘密 防止不正當使用或洩漏
法律名稱:警械使用條例 摘要:規範警械的使用條件與程序 維護社會治安
法律名稱:病人自主權利法 摘要:保障病人在醫療過程中的自主權與選擇權
法律名稱:外國護照簽證條例 摘要:規範外國人入境簽證的申請與核發程序
法律名稱:典試法 摘要:管理考試的執行與公平性 確保公務員選拔的透明
法律名稱:勞工請假規則 摘要:規定勞工請假的條件與程序 保障勞工權益
法律名稱:圖書館法 摘要:管理圖書館的設置與運作 推動文化與教育發展
法律名稱:跟蹤騷擾防制法 摘要:防治跟蹤騷擾行為 保障個人安全與尊嚴
法律名稱:洗錢防制法 摘要:防制洗錢活動 確保金融交易的透明與安全
法律名稱:姓名條例 摘要:規定姓名登記與變更程序 保障公民身份權益
法律名稱:懲治走私條例 摘要:打擊走私行為 維護國家經濟秩序與安全
法律名稱:反滲透法 摘要:防制境外勢力滲透 保障國家安全與民主制度
法律名稱:海岸巡防法 摘要:規定海岸巡防的範疇與措施 確保海域安全
法律名稱:教育基本法 摘要:規定教育的基本原則與目標 保障受教育權
法律名稱:貪污治罪條例 摘要:防治貪污行為 保障公共資源與司法公平
法律名稱:證人保護法 摘要:保障證人的安全 確保司法程序順利進行
法律名稱:提存法 摘要:規定提存的方式與程序 保障債權債務的履行


為每個法律評分(0-100分)，分數代表與問題的相關程度：
    - 90-100分：非常相關，直接針對問題核心
    - 70-89分：相當相關，涵蓋問題重要面向
    - 50-69分：部分相關，涉及問題某些層面
    - 0-49分：關聯性較低

請直接輸出相關法律名稱與分數，格式如下：
法律名稱1,分數1,法律名稱2,分數2
...

```python
# 請注意這不是真正的程式碼，我只是簡單示範如何建立列表並列印它。
relevance = {
"消防":
{"Q1":80,"Q2":60,"Q3":30},
...
}
print(relevance)
```

#### 解答：

請按照我提供的答案在回答中輸入您的結果。然後再次回帖以確認我的說明是否足夠清晰易懂。如果有任何其他問題或疑慮，隨時告訴我！謝謝!
2024-12-15 00:09:08,039 - LegalAssistant - DEBUG - Found marker at index 8058
2024-12-15 00:09:08,039 - LegalAssistant - DEBUG - After marker removal: 請按照我提供的答案在回答中輸入您的結果。然後再次回帖以確認我的說明是否足夠清晰易懂。如果有任何其他問題或疑慮，隨時告訴我！謝謝!
2024-12-15 00:09:08,039 - LegalAssistant - DEBUG - After number removal: 請按照我提供的答案在回答中輸入您的結果。然後再次回帖以確認我的說明是否足夠清晰易懂。如果有任何其他問題或疑慮，隨時告訴我！謝謝!
2024-12-15 00:09:08,040 - LegalAssistant - DEBUG - Final cleaned response: 
2024-12-15 00:09:08,040 - LegalAssistant - DEBUG - Extracting law names from response: 
2024-12-15 00:09:08,040 - LegalAssistant - DEBUG - Extracted law names: ['']
2024-12-15 00:09:08,040 - LegalAssistant - DEBUG - Extracted laws from law_part_3.txt: ['']
2024-12-15 00:09:08,040 - LegalAssistant - DEBUG - Processing file: law_part_2.txt
2024-12-15 00:09:08,040 - LegalAssistant - DEBUG - Created prompt with query: 雇用工讀生 [SEP] 公司辦展覽欲雇用工讀生看顧器材，分為兩個時段各四個小時 Q1 若工讀生自願連續工作八個小時不休息，這樣是否違反勞基法？ 那若雙方協議可以嗎？ 如果不行，休息時間是否需要照算薪水...
2024-12-15 00:09:08,040 - LegalAssistant - DEBUG - Document length: 7724 characters
2024-12-15 00:09:08,047 - LegalAssistant - DEBUG - Prompt length: 7295 tokens
2024-12-15 00:09:08,047 - LegalAssistant - DEBUG - Response buffer: 250 tokens
2024-12-15 00:09:08,047 - LegalAssistant - DEBUG - Total max length: 7545 tokens
2024-12-15 00:09:08,047 - LegalAssistant - DEBUG - Model max length: 22000 tokens
2024-12-15 00:09:08,047 - LegalAssistant - DEBUG - Final max length: 7545 tokens
2024-12-15 00:09:08,053 - LegalAssistant - DEBUG - Prompt tokens: 7295
2024-12-15 00:09:08,053 - LegalAssistant - DEBUG - Setting max_length to: 7545
2024-12-15 00:09:08,059 - LegalAssistant - INFO - Generating response...
